[INFO ] [2018-04-13 16:18:41] com.tiza.gw.Application [50] - Starting Application on DIYILIU with PID 10276 (E:\Workspace\tiza\sa-plc\sa-gw\out\production\classes started by DIYILIU in E:\Workspace\tiza\sa-plc)
[INFO ] [2018-04-13 16:18:41] com.tiza.gw.Application [652] - No active profile set, falling back to default profiles: default
[INFO ] [2018-04-13 16:18:41] org.springframework.boot.web.servlet.context.AnnotationConfigServletWebServerApplicationContext [589] - Refreshing org.springframework.boot.web.servlet.context.AnnotationConfigServletWebServerApplicationContext@51f116b8: startup date [Fri Apr 13 16:18:41 CST 2018]; root of context hierarchy
[INFO ] [2018-04-13 16:18:42] org.springframework.context.support.PostProcessorRegistrationDelegate$BeanPostProcessorChecker [328] - Bean 'org.springframework.kafka.annotation.KafkaBootstrapConfiguration' of type [org.springframework.kafka.annotation.KafkaBootstrapConfiguration$$EnhancerBySpringCGLIB$$890f4985] is not eligible for getting processed by all BeanPostProcessors (for example: not eligible for auto-proxying)
[INFO ] [2018-04-13 16:18:42] org.springframework.context.support.PostProcessorRegistrationDelegate$BeanPostProcessorChecker [328] - Bean 'org.springframework.transaction.annotation.ProxyTransactionManagementConfiguration' of type [org.springframework.transaction.annotation.ProxyTransactionManagementConfiguration$$EnhancerBySpringCGLIB$$b55d3802] is not eligible for getting processed by all BeanPostProcessors (for example: not eligible for auto-proxying)
[INFO ] [2018-04-13 16:18:42] org.springframework.boot.web.embedded.tomcat.TomcatWebServer [91] - Tomcat initialized with port(s): 8080 (http)
[INFO ] [2018-04-13 16:18:42] org.apache.coyote.http11.Http11NioProtocol [180] - Initializing ProtocolHandler ["http-nio-8080"]
[INFO ] [2018-04-13 16:18:42] org.apache.catalina.core.StandardService [180] - Starting service [Tomcat]
[INFO ] [2018-04-13 16:18:42] org.apache.catalina.core.StandardEngine [180] - Starting Servlet Engine: Apache Tomcat/8.5.28
[INFO ] [2018-04-13 16:18:42] org.apache.catalina.core.AprLifecycleListener [180] - The APR based Apache Tomcat Native library which allows optimal performance in production environments was not found on the java.library.path: [E:\Develop\Java\jdk1.8.0_161\bin;C:\Windows\Sun\Java\bin;C:\Windows\system32;C:\Windows;D:\oracle\product\11.1.0\client_1\bin;C:\ProgramData\Oracle\Java\javapath;C:\Windows\system32;C:\Windows;C:\Windows\System32\Wbem;C:\Windows\System32\WindowsPowerShell\v1.0\;E:\Develop\Java\jdk1.8.0_45\bin;E:\Develop\Java\jdk1.8.0_45\jre\bin;D:\Program Files\TortoiseSVN\bin;E:\Develop\Apache\apache-maven-3.5.0\bin;E:\Develop\Gradle\gradle-3.5\bin;C:\Program Files\PuTTY\;D:\Program Files\Git\cmd;C:\Program Files\MySQL\MySQL Utilities 1.6\;E:\Develop\Apache\zookeeper-3.4.9\bin;E:\Develop\Scala\scala-2.12.4\bin;D:\Program Files\nodejs\;E:\Develop\Redis\;d:\Ruby24-x64\bin;C:\Users\DIYILIU\AppData\Local\Microsoft\WindowsApps;;d:\Program Files (x86)\Fiddler2;C:\Users\DIYILIU\AppData\Roaming\npm;.]
[INFO ] [2018-04-13 16:18:43] org.apache.catalina.core.ContainerBase.[Tomcat].[localhost].[/] [180] - Initializing Spring embedded WebApplicationContext
[INFO ] [2018-04-13 16:18:43] org.springframework.web.context.ContextLoader [285] - Root WebApplicationContext: initialization completed in 2026 ms
[INFO ] [2018-04-13 16:18:43] org.springframework.boot.web.servlet.ServletRegistrationBean [185] - Servlet dispatcherServlet mapped to [/]
[INFO ] [2018-04-13 16:18:43] org.springframework.boot.web.servlet.FilterRegistrationBean [243] - Mapping filter: 'characterEncodingFilter' to: [/*]
[INFO ] [2018-04-13 16:18:43] org.springframework.boot.web.servlet.FilterRegistrationBean [243] - Mapping filter: 'hiddenHttpMethodFilter' to: [/*]
[INFO ] [2018-04-13 16:18:43] org.springframework.boot.web.servlet.FilterRegistrationBean [243] - Mapping filter: 'httpPutFormContentFilter' to: [/*]
[INFO ] [2018-04-13 16:18:43] org.springframework.boot.web.servlet.FilterRegistrationBean [243] - Mapping filter: 'requestContextFilter' to: [/*]
[INFO ] [2018-04-13 16:18:44] org.springframework.orm.jpa.LocalContainerEntityManagerFactoryBean [361] - Building JPA container EntityManagerFactory for persistence unit 'default'
[INFO ] [2018-04-13 16:18:44] org.hibernate.jpa.internal.util.LogHelper [31] - HHH000204: Processing PersistenceUnitInfo [
	name: default
	...]
[INFO ] [2018-04-13 16:18:44] org.hibernate.Version [45] - HHH000412: Hibernate Core {5.2.14.Final}
[INFO ] [2018-04-13 16:18:44] org.hibernate.cfg.Environment [213] - HHH000206: hibernate.properties not found
[INFO ] [2018-04-13 16:18:44] org.hibernate.annotations.common.Version [66] - HCANN000001: Hibernate Commons Annotations {5.0.1.Final}
[INFO ] [2018-04-13 16:18:44] org.hibernate.dialect.Dialect [157] - HHH000400: Using dialect: org.hibernate.dialect.MySQL5Dialect
[INFO ] [2018-04-13 16:18:44] org.springframework.orm.jpa.LocalContainerEntityManagerFactoryBean [394] - Initialized JPA EntityManagerFactory for persistence unit 'default'
[INFO ] [2018-04-13 16:18:45] com.tiza.gw.netty.server.DtuServer [54] - DTU网关服务器启动, 端口[5001]...
[INFO ] [2018-04-13 16:18:45] org.springframework.web.servlet.mvc.method.annotation.RequestMappingHandlerAdapter [567] - Looking for @ControllerAdvice: org.springframework.boot.web.servlet.context.AnnotationConfigServletWebServerApplicationContext@51f116b8: startup date [Fri Apr 13 16:18:41 CST 2018]; root of context hierarchy
[INFO ] [2018-04-13 16:18:45] org.springframework.web.servlet.mvc.method.annotation.RequestMappingHandlerMapping [548] - Mapped "{[/error]}" onto public org.springframework.http.ResponseEntity<java.util.Map<java.lang.String, java.lang.Object>> org.springframework.boot.autoconfigure.web.servlet.error.BasicErrorController.error(javax.servlet.http.HttpServletRequest)
[INFO ] [2018-04-13 16:18:45] org.springframework.web.servlet.mvc.method.annotation.RequestMappingHandlerMapping [548] - Mapped "{[/error],produces=[text/html]}" onto public org.springframework.web.servlet.ModelAndView org.springframework.boot.autoconfigure.web.servlet.error.BasicErrorController.errorHtml(javax.servlet.http.HttpServletRequest,javax.servlet.http.HttpServletResponse)
[INFO ] [2018-04-13 16:18:45] org.springframework.web.servlet.handler.SimpleUrlHandlerMapping [373] - Mapped URL path [/webjars/**] onto handler of type [class org.springframework.web.servlet.resource.ResourceHttpRequestHandler]
[INFO ] [2018-04-13 16:18:45] org.springframework.web.servlet.handler.SimpleUrlHandlerMapping [373] - Mapped URL path [/**] onto handler of type [class org.springframework.web.servlet.resource.ResourceHttpRequestHandler]
[INFO ] [2018-04-13 16:18:45] org.springframework.web.servlet.handler.SimpleUrlHandlerMapping [373] - Mapped URL path [/**/favicon.ico] onto handler of type [class org.springframework.web.servlet.resource.ResourceHttpRequestHandler]
[INFO ] [2018-04-13 16:18:45] org.springframework.jmx.export.annotation.AnnotationMBeanExporter [452] - Unregistering JMX-exposed beans on shutdown
[INFO ] [2018-04-13 16:18:45] org.springframework.orm.jpa.LocalContainerEntityManagerFactoryBean [572] - Closing JPA EntityManagerFactory for persistence unit 'default'
[INFO ] [2018-04-13 16:18:45] org.apache.catalina.core.StandardService [180] - Stopping service [Tomcat]
[INFO ] [2018-04-13 16:18:46] org.springframework.boot.autoconfigure.logging.ConditionEvaluationReportLoggingListener [101] - 

Error starting ApplicationContext. To display the conditions report re-run your application with 'debug' enabled.
[INFO ] [2018-04-13 16:24:42] com.tiza.gw.Application [50] - Starting Application on DIYILIU with PID 8340 (E:\Workspace\tiza\sa-plc\sa-gw\out\production\classes started by DIYILIU in E:\Workspace\tiza\sa-plc)
[INFO ] [2018-04-13 16:24:42] com.tiza.gw.Application [652] - No active profile set, falling back to default profiles: default
[INFO ] [2018-04-13 16:24:42] org.springframework.boot.web.servlet.context.AnnotationConfigServletWebServerApplicationContext [589] - Refreshing org.springframework.boot.web.servlet.context.AnnotationConfigServletWebServerApplicationContext@19d481b: startup date [Fri Apr 13 16:24:42 CST 2018]; root of context hierarchy
[INFO ] [2018-04-13 16:24:44] org.springframework.context.support.PostProcessorRegistrationDelegate$BeanPostProcessorChecker [328] - Bean 'org.springframework.kafka.annotation.KafkaBootstrapConfiguration' of type [org.springframework.kafka.annotation.KafkaBootstrapConfiguration$$EnhancerBySpringCGLIB$$af636e31] is not eligible for getting processed by all BeanPostProcessors (for example: not eligible for auto-proxying)
[INFO ] [2018-04-13 16:24:44] org.springframework.context.support.PostProcessorRegistrationDelegate$BeanPostProcessorChecker [328] - Bean 'org.springframework.transaction.annotation.ProxyTransactionManagementConfiguration' of type [org.springframework.transaction.annotation.ProxyTransactionManagementConfiguration$$EnhancerBySpringCGLIB$$dbb15cae] is not eligible for getting processed by all BeanPostProcessors (for example: not eligible for auto-proxying)
[INFO ] [2018-04-13 16:24:44] org.springframework.boot.web.embedded.tomcat.TomcatWebServer [91] - Tomcat initialized with port(s): 8080 (http)
[INFO ] [2018-04-13 16:24:44] org.apache.coyote.http11.Http11NioProtocol [180] - Initializing ProtocolHandler ["http-nio-8080"]
[INFO ] [2018-04-13 16:24:44] org.apache.catalina.core.StandardService [180] - Starting service [Tomcat]
[INFO ] [2018-04-13 16:24:44] org.apache.catalina.core.StandardEngine [180] - Starting Servlet Engine: Apache Tomcat/8.5.28
[INFO ] [2018-04-13 16:24:44] org.apache.catalina.core.AprLifecycleListener [180] - The APR based Apache Tomcat Native library which allows optimal performance in production environments was not found on the java.library.path: [E:\Develop\Java\jdk1.8.0_161\bin;C:\Windows\Sun\Java\bin;C:\Windows\system32;C:\Windows;D:\oracle\product\11.1.0\client_1\bin;C:\ProgramData\Oracle\Java\javapath;C:\Windows\system32;C:\Windows;C:\Windows\System32\Wbem;C:\Windows\System32\WindowsPowerShell\v1.0\;E:\Develop\Java\jdk1.8.0_45\bin;E:\Develop\Java\jdk1.8.0_45\jre\bin;D:\Program Files\TortoiseSVN\bin;E:\Develop\Apache\apache-maven-3.5.0\bin;E:\Develop\Gradle\gradle-3.5\bin;C:\Program Files\PuTTY\;D:\Program Files\Git\cmd;C:\Program Files\MySQL\MySQL Utilities 1.6\;E:\Develop\Apache\zookeeper-3.4.9\bin;E:\Develop\Scala\scala-2.12.4\bin;D:\Program Files\nodejs\;E:\Develop\Redis\;d:\Ruby24-x64\bin;C:\Users\DIYILIU\AppData\Local\Microsoft\WindowsApps;;d:\Program Files (x86)\Fiddler2;C:\Users\DIYILIU\AppData\Roaming\npm;.]
[INFO ] [2018-04-13 16:24:44] org.apache.catalina.core.ContainerBase.[Tomcat].[localhost].[/] [180] - Initializing Spring embedded WebApplicationContext
[INFO ] [2018-04-13 16:24:44] org.springframework.web.context.ContextLoader [285] - Root WebApplicationContext: initialization completed in 1999 ms
[INFO ] [2018-04-13 16:24:44] org.springframework.boot.web.servlet.ServletRegistrationBean [185] - Servlet dispatcherServlet mapped to [/]
[INFO ] [2018-04-13 16:24:44] org.springframework.boot.web.servlet.FilterRegistrationBean [243] - Mapping filter: 'characterEncodingFilter' to: [/*]
[INFO ] [2018-04-13 16:24:44] org.springframework.boot.web.servlet.FilterRegistrationBean [243] - Mapping filter: 'hiddenHttpMethodFilter' to: [/*]
[INFO ] [2018-04-13 16:24:44] org.springframework.boot.web.servlet.FilterRegistrationBean [243] - Mapping filter: 'httpPutFormContentFilter' to: [/*]
[INFO ] [2018-04-13 16:24:44] org.springframework.boot.web.servlet.FilterRegistrationBean [243] - Mapping filter: 'requestContextFilter' to: [/*]
[INFO ] [2018-04-13 16:24:45] org.springframework.orm.jpa.LocalContainerEntityManagerFactoryBean [361] - Building JPA container EntityManagerFactory for persistence unit 'default'
[INFO ] [2018-04-13 16:24:45] org.hibernate.jpa.internal.util.LogHelper [31] - HHH000204: Processing PersistenceUnitInfo [
	name: default
	...]
[INFO ] [2018-04-13 16:24:45] org.hibernate.Version [45] - HHH000412: Hibernate Core {5.2.14.Final}
[INFO ] [2018-04-13 16:24:45] org.hibernate.cfg.Environment [213] - HHH000206: hibernate.properties not found
[INFO ] [2018-04-13 16:24:45] org.hibernate.annotations.common.Version [66] - HCANN000001: Hibernate Commons Annotations {5.0.1.Final}
[INFO ] [2018-04-13 16:24:45] org.hibernate.dialect.Dialect [157] - HHH000400: Using dialect: org.hibernate.dialect.MySQL5Dialect
[INFO ] [2018-04-13 16:24:45] org.springframework.orm.jpa.LocalContainerEntityManagerFactoryBean [394] - Initialized JPA EntityManagerFactory for persistence unit 'default'
[INFO ] [2018-04-13 16:24:46] com.tiza.gw.netty.server.DtuServer [54] - DTU网关服务器启动, 端口[5001]...
[INFO ] [2018-04-13 16:24:46] org.springframework.web.servlet.mvc.method.annotation.RequestMappingHandlerAdapter [567] - Looking for @ControllerAdvice: org.springframework.boot.web.servlet.context.AnnotationConfigServletWebServerApplicationContext@19d481b: startup date [Fri Apr 13 16:24:42 CST 2018]; root of context hierarchy
[INFO ] [2018-04-13 16:24:46] org.springframework.web.servlet.mvc.method.annotation.RequestMappingHandlerMapping [548] - Mapped "{[/error]}" onto public org.springframework.http.ResponseEntity<java.util.Map<java.lang.String, java.lang.Object>> org.springframework.boot.autoconfigure.web.servlet.error.BasicErrorController.error(javax.servlet.http.HttpServletRequest)
[INFO ] [2018-04-13 16:24:46] org.springframework.web.servlet.mvc.method.annotation.RequestMappingHandlerMapping [548] - Mapped "{[/error],produces=[text/html]}" onto public org.springframework.web.servlet.ModelAndView org.springframework.boot.autoconfigure.web.servlet.error.BasicErrorController.errorHtml(javax.servlet.http.HttpServletRequest,javax.servlet.http.HttpServletResponse)
[INFO ] [2018-04-13 16:24:46] org.springframework.web.servlet.handler.SimpleUrlHandlerMapping [373] - Mapped URL path [/webjars/**] onto handler of type [class org.springframework.web.servlet.resource.ResourceHttpRequestHandler]
[INFO ] [2018-04-13 16:24:46] org.springframework.web.servlet.handler.SimpleUrlHandlerMapping [373] - Mapped URL path [/**] onto handler of type [class org.springframework.web.servlet.resource.ResourceHttpRequestHandler]
[INFO ] [2018-04-13 16:24:46] org.springframework.web.servlet.handler.SimpleUrlHandlerMapping [373] - Mapped URL path [/**/favicon.ico] onto handler of type [class org.springframework.web.servlet.resource.ResourceHttpRequestHandler]
[INFO ] [2018-04-13 16:24:46] org.springframework.jmx.export.annotation.AnnotationMBeanExporter [452] - Unregistering JMX-exposed beans on shutdown
[INFO ] [2018-04-13 16:24:46] org.springframework.orm.jpa.LocalContainerEntityManagerFactoryBean [572] - Closing JPA EntityManagerFactory for persistence unit 'default'
[INFO ] [2018-04-13 16:24:46] org.apache.catalina.core.StandardService [180] - Stopping service [Tomcat]
[INFO ] [2018-04-13 16:24:46] org.springframework.boot.autoconfigure.logging.ConditionEvaluationReportLoggingListener [101] - 

Error starting ApplicationContext. To display the conditions report re-run your application with 'debug' enabled.
[INFO ] [2018-04-13 16:26:30] com.tiza.gw.Application [50] - Starting Application on DIYILIU with PID 4976 (E:\Workspace\tiza\sa-plc\sa-gw\out\production\classes started by DIYILIU in E:\Workspace\tiza\sa-plc)
[INFO ] [2018-04-13 16:26:30] com.tiza.gw.Application [652] - No active profile set, falling back to default profiles: default
[INFO ] [2018-04-13 16:26:30] org.springframework.boot.web.servlet.context.AnnotationConfigServletWebServerApplicationContext [589] - Refreshing org.springframework.boot.web.servlet.context.AnnotationConfigServletWebServerApplicationContext@51f116b8: startup date [Fri Apr 13 16:26:30 CST 2018]; root of context hierarchy
[INFO ] [2018-04-13 16:26:31] org.springframework.context.support.PostProcessorRegistrationDelegate$BeanPostProcessorChecker [328] - Bean 'org.springframework.kafka.annotation.KafkaBootstrapConfiguration' of type [org.springframework.kafka.annotation.KafkaBootstrapConfiguration$$EnhancerBySpringCGLIB$$c6e3b40f] is not eligible for getting processed by all BeanPostProcessors (for example: not eligible for auto-proxying)
[INFO ] [2018-04-13 16:26:31] org.springframework.context.support.PostProcessorRegistrationDelegate$BeanPostProcessorChecker [328] - Bean 'org.springframework.transaction.annotation.ProxyTransactionManagementConfiguration' of type [org.springframework.transaction.annotation.ProxyTransactionManagementConfiguration$$EnhancerBySpringCGLIB$$f331a28c] is not eligible for getting processed by all BeanPostProcessors (for example: not eligible for auto-proxying)
[INFO ] [2018-04-13 16:26:31] org.springframework.boot.web.embedded.tomcat.TomcatWebServer [91] - Tomcat initialized with port(s): 8080 (http)
[INFO ] [2018-04-13 16:26:31] org.apache.coyote.http11.Http11NioProtocol [180] - Initializing ProtocolHandler ["http-nio-8080"]
[INFO ] [2018-04-13 16:26:31] org.apache.catalina.core.StandardService [180] - Starting service [Tomcat]
[INFO ] [2018-04-13 16:26:31] org.apache.catalina.core.StandardEngine [180] - Starting Servlet Engine: Apache Tomcat/8.5.28
[INFO ] [2018-04-13 16:26:31] org.apache.catalina.core.AprLifecycleListener [180] - The APR based Apache Tomcat Native library which allows optimal performance in production environments was not found on the java.library.path: [E:\Develop\Java\jdk1.8.0_161\bin;C:\Windows\Sun\Java\bin;C:\Windows\system32;C:\Windows;D:\oracle\product\11.1.0\client_1\bin;C:\ProgramData\Oracle\Java\javapath;C:\Windows\system32;C:\Windows;C:\Windows\System32\Wbem;C:\Windows\System32\WindowsPowerShell\v1.0\;E:\Develop\Java\jdk1.8.0_45\bin;E:\Develop\Java\jdk1.8.0_45\jre\bin;D:\Program Files\TortoiseSVN\bin;E:\Develop\Apache\apache-maven-3.5.0\bin;E:\Develop\Gradle\gradle-3.5\bin;C:\Program Files\PuTTY\;D:\Program Files\Git\cmd;C:\Program Files\MySQL\MySQL Utilities 1.6\;E:\Develop\Apache\zookeeper-3.4.9\bin;E:\Develop\Scala\scala-2.12.4\bin;D:\Program Files\nodejs\;E:\Develop\Redis\;d:\Ruby24-x64\bin;C:\Users\DIYILIU\AppData\Local\Microsoft\WindowsApps;;d:\Program Files (x86)\Fiddler2;C:\Users\DIYILIU\AppData\Roaming\npm;.]
[INFO ] [2018-04-13 16:26:31] org.apache.catalina.core.ContainerBase.[Tomcat].[localhost].[/] [180] - Initializing Spring embedded WebApplicationContext
[INFO ] [2018-04-13 16:26:31] org.springframework.web.context.ContextLoader [285] - Root WebApplicationContext: initialization completed in 1492 ms
[INFO ] [2018-04-13 16:26:32] org.springframework.boot.web.servlet.ServletRegistrationBean [185] - Servlet dispatcherServlet mapped to [/]
[INFO ] [2018-04-13 16:26:32] org.springframework.boot.web.servlet.FilterRegistrationBean [243] - Mapping filter: 'characterEncodingFilter' to: [/*]
[INFO ] [2018-04-13 16:26:32] org.springframework.boot.web.servlet.FilterRegistrationBean [243] - Mapping filter: 'hiddenHttpMethodFilter' to: [/*]
[INFO ] [2018-04-13 16:26:32] org.springframework.boot.web.servlet.FilterRegistrationBean [243] - Mapping filter: 'httpPutFormContentFilter' to: [/*]
[INFO ] [2018-04-13 16:26:32] org.springframework.boot.web.servlet.FilterRegistrationBean [243] - Mapping filter: 'requestContextFilter' to: [/*]
[INFO ] [2018-04-13 16:26:32] org.springframework.orm.jpa.LocalContainerEntityManagerFactoryBean [361] - Building JPA container EntityManagerFactory for persistence unit 'default'
[INFO ] [2018-04-13 16:26:32] org.hibernate.jpa.internal.util.LogHelper [31] - HHH000204: Processing PersistenceUnitInfo [
	name: default
	...]
[INFO ] [2018-04-13 16:26:32] org.hibernate.Version [45] - HHH000412: Hibernate Core {5.2.14.Final}
[INFO ] [2018-04-13 16:26:32] org.hibernate.cfg.Environment [213] - HHH000206: hibernate.properties not found
[INFO ] [2018-04-13 16:26:32] org.hibernate.annotations.common.Version [66] - HCANN000001: Hibernate Commons Annotations {5.0.1.Final}
[INFO ] [2018-04-13 16:26:32] org.hibernate.dialect.Dialect [157] - HHH000400: Using dialect: org.hibernate.dialect.MySQL5Dialect
[INFO ] [2018-04-13 16:26:33] org.springframework.orm.jpa.LocalContainerEntityManagerFactoryBean [394] - Initialized JPA EntityManagerFactory for persistence unit 'default'
[INFO ] [2018-04-13 16:26:33] com.tiza.gw.netty.server.DtuServer [54] - DTU网关服务器启动, 端口[5001]...
[INFO ] [2018-04-13 16:26:33] org.springframework.web.servlet.mvc.method.annotation.RequestMappingHandlerAdapter [567] - Looking for @ControllerAdvice: org.springframework.boot.web.servlet.context.AnnotationConfigServletWebServerApplicationContext@51f116b8: startup date [Fri Apr 13 16:26:30 CST 2018]; root of context hierarchy
[INFO ] [2018-04-13 16:26:33] org.springframework.web.servlet.mvc.method.annotation.RequestMappingHandlerMapping [548] - Mapped "{[/error]}" onto public org.springframework.http.ResponseEntity<java.util.Map<java.lang.String, java.lang.Object>> org.springframework.boot.autoconfigure.web.servlet.error.BasicErrorController.error(javax.servlet.http.HttpServletRequest)
[INFO ] [2018-04-13 16:26:33] org.springframework.web.servlet.mvc.method.annotation.RequestMappingHandlerMapping [548] - Mapped "{[/error],produces=[text/html]}" onto public org.springframework.web.servlet.ModelAndView org.springframework.boot.autoconfigure.web.servlet.error.BasicErrorController.errorHtml(javax.servlet.http.HttpServletRequest,javax.servlet.http.HttpServletResponse)
[INFO ] [2018-04-13 16:26:33] org.springframework.web.servlet.handler.SimpleUrlHandlerMapping [373] - Mapped URL path [/webjars/**] onto handler of type [class org.springframework.web.servlet.resource.ResourceHttpRequestHandler]
[INFO ] [2018-04-13 16:26:33] org.springframework.web.servlet.handler.SimpleUrlHandlerMapping [373] - Mapped URL path [/**] onto handler of type [class org.springframework.web.servlet.resource.ResourceHttpRequestHandler]
[INFO ] [2018-04-13 16:26:33] org.springframework.web.servlet.handler.SimpleUrlHandlerMapping [373] - Mapped URL path [/**/favicon.ico] onto handler of type [class org.springframework.web.servlet.resource.ResourceHttpRequestHandler]
[INFO ] [2018-04-13 16:26:34] org.quartz.impl.StdSchedulerFactory [1208] - Using default implementation for ThreadExecutor
[INFO ] [2018-04-13 16:26:34] org.quartz.core.SchedulerSignalerImpl [61] - Initialized Scheduler Signaller of type: class org.quartz.core.SchedulerSignalerImpl
[INFO ] [2018-04-13 16:26:34] org.quartz.core.QuartzScheduler [229] - Quartz Scheduler v.2.3.0 created.
[INFO ] [2018-04-13 16:26:34] org.quartz.simpl.RAMJobStore [155] - RAMJobStore initialized.
[INFO ] [2018-04-13 16:26:34] org.quartz.core.QuartzScheduler [294] - Scheduler meta-data: Quartz Scheduler (v2.3.0) 'quartzScheduler' with instanceId 'NON_CLUSTERED'
  Scheduler class: 'org.quartz.core.QuartzScheduler' - running locally.
  NOT STARTED.
  Currently in standby mode.
  Number of jobs executed: 0
  Using thread pool 'org.quartz.simpl.SimpleThreadPool' - with 10 threads.
  Using job-store 'org.quartz.simpl.RAMJobStore' - which does not support persistence. and is not clustered.

[INFO ] [2018-04-13 16:26:34] org.quartz.impl.StdSchedulerFactory [1362] - Quartz scheduler 'quartzScheduler' initialized from an externally provided properties instance.
[INFO ] [2018-04-13 16:26:34] org.quartz.impl.StdSchedulerFactory [1366] - Quartz scheduler version: 2.3.0
[INFO ] [2018-04-13 16:26:34] org.quartz.core.QuartzScheduler [2287] - JobFactory set to: org.springframework.boot.autoconfigure.quartz.AutowireCapableBeanJobFactory@73c3cd09
[INFO ] [2018-04-13 16:26:34] org.springframework.jmx.export.annotation.AnnotationMBeanExporter [434] - Registering beans for JMX exposure on startup
[INFO ] [2018-04-13 16:26:34] org.springframework.jmx.export.annotation.AnnotationMBeanExporter [896] - Bean with name 'dataSource' has been autodetected for JMX exposure
[INFO ] [2018-04-13 16:26:34] org.springframework.jmx.export.annotation.AnnotationMBeanExporter [669] - Located MBean 'dataSource': registering with JMX server as MBean [com.alibaba.druid.pool:name=dataSource,type=DruidDataSource]
[INFO ] [2018-04-13 16:26:34] org.springframework.context.support.DefaultLifecycleProcessor [351] - Starting beans in phase 2147483547
[INFO ] [2018-04-13 16:26:34] org.springframework.context.support.DefaultLifecycleProcessor [351] - Starting beans in phase 2147483647
[INFO ] [2018-04-13 16:26:34] org.springframework.scheduling.quartz.SchedulerFactoryBean [686] - Starting Quartz Scheduler now
[INFO ] [2018-04-13 16:26:34] org.quartz.core.QuartzScheduler [547] - Scheduler quartzScheduler_$_NON_CLUSTERED started.
[INFO ] [2018-04-13 16:26:34] org.springframework.scheduling.annotation.ScheduledAnnotationBeanPostProcessor [275] - No TaskScheduler/ScheduledExecutorService bean found for scheduled processing
[INFO ] [2018-04-13 16:26:34] com.tiza.gw.support.listener.CMDInitializer [27] - 协议解析初始化...
[INFO ] [2018-04-13 16:26:34] org.apache.coyote.http11.Http11NioProtocol [180] - Starting ProtocolHandler ["http-nio-8080"]
[INFO ] [2018-04-13 16:26:34] org.apache.tomcat.util.net.NioSelectorPool [180] - Using a shared selector for servlet write/read
[INFO ] [2018-04-13 16:26:34] org.springframework.boot.web.embedded.tomcat.TomcatWebServer [205] - Tomcat started on port(s): 8080 (http) with context path ''
[INFO ] [2018-04-13 16:26:34] com.tiza.gw.support.listener.CMDInitializer [27] - 协议解析初始化...
[INFO ] [2018-04-13 16:26:34] com.tiza.gw.Application [59] - Started Application in 4.258 seconds (JVM running for 6.58)
[INFO ] [2018-04-13 16:26:34] com.tiza.gw.support.listener.CMDInitializer [27] - 协议解析初始化...
[INFO ] [2018-04-13 16:26:34] com.tiza.gw.support.listener.CMDInitializer [27] - 协议解析初始化...
[INFO ] [2018-04-13 16:26:37] com.tiza.gw.support.task.DeviceInfoTask [32] - 刷新设备列表...
[INFO ] [2018-04-13 16:26:39] com.tiza.gw.support.task.FunctionSetTask [38] - 刷新功能集列表...
[INFO ] [2018-04-13 16:31:03] com.tiza.gw.Application [50] - Starting Application on DIYILIU with PID 18220 (E:\Workspace\tiza\sa-plc\sa-gw\out\production\classes started by DIYILIU in E:\Workspace\tiza\sa-plc)
[INFO ] [2018-04-13 16:31:03] com.tiza.gw.Application [652] - No active profile set, falling back to default profiles: default
[INFO ] [2018-04-13 16:31:03] org.springframework.boot.web.servlet.context.AnnotationConfigServletWebServerApplicationContext [589] - Refreshing org.springframework.boot.web.servlet.context.AnnotationConfigServletWebServerApplicationContext@19d481b: startup date [Fri Apr 13 16:31:03 CST 2018]; root of context hierarchy
[INFO ] [2018-04-13 16:31:05] org.springframework.context.support.PostProcessorRegistrationDelegate$BeanPostProcessorChecker [328] - Bean 'org.springframework.kafka.annotation.KafkaBootstrapConfiguration' of type [org.springframework.kafka.annotation.KafkaBootstrapConfiguration$$EnhancerBySpringCGLIB$$3ee7a41] is not eligible for getting processed by all BeanPostProcessors (for example: not eligible for auto-proxying)
[INFO ] [2018-04-13 16:31:05] org.springframework.context.support.PostProcessorRegistrationDelegate$BeanPostProcessorChecker [328] - Bean 'org.springframework.transaction.annotation.ProxyTransactionManagementConfiguration' of type [org.springframework.transaction.annotation.ProxyTransactionManagementConfiguration$$EnhancerBySpringCGLIB$$303c68be] is not eligible for getting processed by all BeanPostProcessors (for example: not eligible for auto-proxying)
[INFO ] [2018-04-13 16:31:05] org.springframework.boot.web.embedded.tomcat.TomcatWebServer [91] - Tomcat initialized with port(s): 8080 (http)
[INFO ] [2018-04-13 16:31:05] org.apache.coyote.http11.Http11NioProtocol [180] - Initializing ProtocolHandler ["http-nio-8080"]
[INFO ] [2018-04-13 16:31:05] org.apache.catalina.core.StandardService [180] - Starting service [Tomcat]
[INFO ] [2018-04-13 16:31:05] org.apache.catalina.core.StandardEngine [180] - Starting Servlet Engine: Apache Tomcat/8.5.28
[INFO ] [2018-04-13 16:31:05] org.apache.catalina.core.AprLifecycleListener [180] - The APR based Apache Tomcat Native library which allows optimal performance in production environments was not found on the java.library.path: [E:\Develop\Java\jdk1.8.0_161\bin;C:\Windows\Sun\Java\bin;C:\Windows\system32;C:\Windows;D:\oracle\product\11.1.0\client_1\bin;C:\ProgramData\Oracle\Java\javapath;C:\Windows\system32;C:\Windows;C:\Windows\System32\Wbem;C:\Windows\System32\WindowsPowerShell\v1.0\;E:\Develop\Java\jdk1.8.0_45\bin;E:\Develop\Java\jdk1.8.0_45\jre\bin;D:\Program Files\TortoiseSVN\bin;E:\Develop\Apache\apache-maven-3.5.0\bin;E:\Develop\Gradle\gradle-3.5\bin;C:\Program Files\PuTTY\;D:\Program Files\Git\cmd;C:\Program Files\MySQL\MySQL Utilities 1.6\;E:\Develop\Apache\zookeeper-3.4.9\bin;E:\Develop\Scala\scala-2.12.4\bin;D:\Program Files\nodejs\;E:\Develop\Redis\;d:\Ruby24-x64\bin;C:\Users\DIYILIU\AppData\Local\Microsoft\WindowsApps;;d:\Program Files (x86)\Fiddler2;C:\Users\DIYILIU\AppData\Roaming\npm;.]
[INFO ] [2018-04-13 16:31:05] org.apache.catalina.core.ContainerBase.[Tomcat].[localhost].[/] [180] - Initializing Spring embedded WebApplicationContext
[INFO ] [2018-04-13 16:31:05] org.springframework.web.context.ContextLoader [285] - Root WebApplicationContext: initialization completed in 1908 ms
[INFO ] [2018-04-13 16:31:06] org.springframework.boot.web.servlet.ServletRegistrationBean [185] - Servlet dispatcherServlet mapped to [/]
[INFO ] [2018-04-13 16:31:06] org.springframework.boot.web.servlet.FilterRegistrationBean [243] - Mapping filter: 'characterEncodingFilter' to: [/*]
[INFO ] [2018-04-13 16:31:06] org.springframework.boot.web.servlet.FilterRegistrationBean [243] - Mapping filter: 'hiddenHttpMethodFilter' to: [/*]
[INFO ] [2018-04-13 16:31:06] org.springframework.boot.web.servlet.FilterRegistrationBean [243] - Mapping filter: 'httpPutFormContentFilter' to: [/*]
[INFO ] [2018-04-13 16:31:06] org.springframework.boot.web.servlet.FilterRegistrationBean [243] - Mapping filter: 'requestContextFilter' to: [/*]
[INFO ] [2018-04-13 16:31:06] org.springframework.orm.jpa.LocalContainerEntityManagerFactoryBean [361] - Building JPA container EntityManagerFactory for persistence unit 'default'
[INFO ] [2018-04-13 16:31:06] org.hibernate.jpa.internal.util.LogHelper [31] - HHH000204: Processing PersistenceUnitInfo [
	name: default
	...]
[INFO ] [2018-04-13 16:31:06] org.hibernate.Version [45] - HHH000412: Hibernate Core {5.2.14.Final}
[INFO ] [2018-04-13 16:31:06] org.hibernate.cfg.Environment [213] - HHH000206: hibernate.properties not found
[INFO ] [2018-04-13 16:31:06] org.hibernate.annotations.common.Version [66] - HCANN000001: Hibernate Commons Annotations {5.0.1.Final}
[INFO ] [2018-04-13 16:31:06] org.hibernate.dialect.Dialect [157] - HHH000400: Using dialect: org.hibernate.dialect.MySQL5Dialect
[INFO ] [2018-04-13 16:31:07] org.springframework.orm.jpa.LocalContainerEntityManagerFactoryBean [394] - Initialized JPA EntityManagerFactory for persistence unit 'default'
[INFO ] [2018-04-13 16:31:07] com.tiza.gw.netty.server.DtuServer [54] - DTU网关服务器启动, 端口[5001]...
[INFO ] [2018-04-13 16:31:07] org.springframework.web.servlet.mvc.method.annotation.RequestMappingHandlerAdapter [567] - Looking for @ControllerAdvice: org.springframework.boot.web.servlet.context.AnnotationConfigServletWebServerApplicationContext@19d481b: startup date [Fri Apr 13 16:31:03 CST 2018]; root of context hierarchy
[INFO ] [2018-04-13 16:31:07] org.springframework.web.servlet.mvc.method.annotation.RequestMappingHandlerMapping [548] - Mapped "{[/error]}" onto public org.springframework.http.ResponseEntity<java.util.Map<java.lang.String, java.lang.Object>> org.springframework.boot.autoconfigure.web.servlet.error.BasicErrorController.error(javax.servlet.http.HttpServletRequest)
[INFO ] [2018-04-13 16:31:07] org.springframework.web.servlet.mvc.method.annotation.RequestMappingHandlerMapping [548] - Mapped "{[/error],produces=[text/html]}" onto public org.springframework.web.servlet.ModelAndView org.springframework.boot.autoconfigure.web.servlet.error.BasicErrorController.errorHtml(javax.servlet.http.HttpServletRequest,javax.servlet.http.HttpServletResponse)
[INFO ] [2018-04-13 16:31:07] org.springframework.web.servlet.handler.SimpleUrlHandlerMapping [373] - Mapped URL path [/webjars/**] onto handler of type [class org.springframework.web.servlet.resource.ResourceHttpRequestHandler]
[INFO ] [2018-04-13 16:31:07] org.springframework.web.servlet.handler.SimpleUrlHandlerMapping [373] - Mapped URL path [/**] onto handler of type [class org.springframework.web.servlet.resource.ResourceHttpRequestHandler]
[INFO ] [2018-04-13 16:31:07] org.springframework.web.servlet.handler.SimpleUrlHandlerMapping [373] - Mapped URL path [/**/favicon.ico] onto handler of type [class org.springframework.web.servlet.resource.ResourceHttpRequestHandler]
[INFO ] [2018-04-13 16:31:08] org.quartz.impl.StdSchedulerFactory [1208] - Using default implementation for ThreadExecutor
[INFO ] [2018-04-13 16:31:08] org.quartz.core.SchedulerSignalerImpl [61] - Initialized Scheduler Signaller of type: class org.quartz.core.SchedulerSignalerImpl
[INFO ] [2018-04-13 16:31:08] org.quartz.core.QuartzScheduler [229] - Quartz Scheduler v.2.3.0 created.
[INFO ] [2018-04-13 16:31:08] org.quartz.simpl.RAMJobStore [155] - RAMJobStore initialized.
[INFO ] [2018-04-13 16:31:08] org.quartz.core.QuartzScheduler [294] - Scheduler meta-data: Quartz Scheduler (v2.3.0) 'quartzScheduler' with instanceId 'NON_CLUSTERED'
  Scheduler class: 'org.quartz.core.QuartzScheduler' - running locally.
  NOT STARTED.
  Currently in standby mode.
  Number of jobs executed: 0
  Using thread pool 'org.quartz.simpl.SimpleThreadPool' - with 10 threads.
  Using job-store 'org.quartz.simpl.RAMJobStore' - which does not support persistence. and is not clustered.

[INFO ] [2018-04-13 16:31:08] org.quartz.impl.StdSchedulerFactory [1362] - Quartz scheduler 'quartzScheduler' initialized from an externally provided properties instance.
[INFO ] [2018-04-13 16:31:08] org.quartz.impl.StdSchedulerFactory [1366] - Quartz scheduler version: 2.3.0
[INFO ] [2018-04-13 16:31:08] org.quartz.core.QuartzScheduler [2287] - JobFactory set to: org.springframework.boot.autoconfigure.quartz.AutowireCapableBeanJobFactory@6824b913
[INFO ] [2018-04-13 16:31:08] org.springframework.jmx.export.annotation.AnnotationMBeanExporter [434] - Registering beans for JMX exposure on startup
[INFO ] [2018-04-13 16:31:08] org.springframework.jmx.export.annotation.AnnotationMBeanExporter [896] - Bean with name 'dataSource' has been autodetected for JMX exposure
[INFO ] [2018-04-13 16:31:08] org.springframework.jmx.export.annotation.AnnotationMBeanExporter [669] - Located MBean 'dataSource': registering with JMX server as MBean [com.alibaba.druid.pool:name=dataSource,type=DruidDataSource]
[INFO ] [2018-04-13 16:31:08] org.springframework.context.support.DefaultLifecycleProcessor [351] - Starting beans in phase 2147483547
[INFO ] [2018-04-13 16:31:08] org.springframework.context.support.DefaultLifecycleProcessor [351] - Starting beans in phase 2147483647
[INFO ] [2018-04-13 16:31:08] org.springframework.scheduling.quartz.SchedulerFactoryBean [686] - Starting Quartz Scheduler now
[INFO ] [2018-04-13 16:31:08] org.quartz.core.QuartzScheduler [547] - Scheduler quartzScheduler_$_NON_CLUSTERED started.
[INFO ] [2018-04-13 16:31:08] org.springframework.scheduling.annotation.ScheduledAnnotationBeanPostProcessor [275] - No TaskScheduler/ScheduledExecutorService bean found for scheduled processing
[INFO ] [2018-04-13 16:31:08] com.tiza.gw.support.listener.CMDInitializer [27] - 协议解析初始化...
[INFO ] [2018-04-13 16:31:08] org.apache.coyote.http11.Http11NioProtocol [180] - Starting ProtocolHandler ["http-nio-8080"]
[INFO ] [2018-04-13 16:31:08] org.apache.tomcat.util.net.NioSelectorPool [180] - Using a shared selector for servlet write/read
[INFO ] [2018-04-13 16:31:08] org.springframework.boot.web.embedded.tomcat.TomcatWebServer [205] - Tomcat started on port(s): 8080 (http) with context path ''
[INFO ] [2018-04-13 16:31:08] com.tiza.gw.support.listener.CMDInitializer [27] - 协议解析初始化...
[INFO ] [2018-04-13 16:31:08] com.tiza.gw.Application [59] - Started Application in 5.697 seconds (JVM running for 7.293)
[INFO ] [2018-04-13 16:31:08] com.tiza.gw.support.listener.CMDInitializer [27] - 协议解析初始化...
[INFO ] [2018-04-13 16:31:08] com.tiza.gw.support.listener.CMDInitializer [27] - 协议解析初始化...
[INFO ] [2018-04-13 16:31:11] com.tiza.gw.support.task.DeviceInfoTask [32] - 刷新设备列表...
[INFO ] [2018-04-13 16:31:13] com.tiza.gw.support.task.FunctionSetTask [38] - 刷新功能集列表...
[INFO ] [2018-04-13 16:35:49] com.tiza.gw.Application [50] - Starting Application on DIYILIU with PID 15924 (E:\Workspace\tiza\sa-plc\sa-gw\out\production\classes started by DIYILIU in E:\Workspace\tiza\sa-plc)
[INFO ] [2018-04-13 16:35:49] com.tiza.gw.Application [652] - No active profile set, falling back to default profiles: default
[INFO ] [2018-04-13 16:35:49] org.springframework.boot.web.servlet.context.AnnotationConfigServletWebServerApplicationContext [589] - Refreshing org.springframework.boot.web.servlet.context.AnnotationConfigServletWebServerApplicationContext@51f116b8: startup date [Fri Apr 13 16:35:49 CST 2018]; root of context hierarchy
[INFO ] [2018-04-13 16:35:50] org.springframework.context.support.PostProcessorRegistrationDelegate$BeanPostProcessorChecker [328] - Bean 'org.springframework.kafka.annotation.KafkaBootstrapConfiguration' of type [org.springframework.kafka.annotation.KafkaBootstrapConfiguration$$EnhancerBySpringCGLIB$$ae6ba3bd] is not eligible for getting processed by all BeanPostProcessors (for example: not eligible for auto-proxying)
[INFO ] [2018-04-13 16:35:50] org.springframework.context.support.PostProcessorRegistrationDelegate$BeanPostProcessorChecker [328] - Bean 'org.springframework.transaction.annotation.ProxyTransactionManagementConfiguration' of type [org.springframework.transaction.annotation.ProxyTransactionManagementConfiguration$$EnhancerBySpringCGLIB$$dab9923a] is not eligible for getting processed by all BeanPostProcessors (for example: not eligible for auto-proxying)
[INFO ] [2018-04-13 16:35:50] org.springframework.boot.web.embedded.tomcat.TomcatWebServer [91] - Tomcat initialized with port(s): 8080 (http)
[INFO ] [2018-04-13 16:35:50] org.apache.coyote.http11.Http11NioProtocol [180] - Initializing ProtocolHandler ["http-nio-8080"]
[INFO ] [2018-04-13 16:35:50] org.apache.catalina.core.StandardService [180] - Starting service [Tomcat]
[INFO ] [2018-04-13 16:35:50] org.apache.catalina.core.StandardEngine [180] - Starting Servlet Engine: Apache Tomcat/8.5.28
[INFO ] [2018-04-13 16:35:50] org.apache.catalina.core.AprLifecycleListener [180] - The APR based Apache Tomcat Native library which allows optimal performance in production environments was not found on the java.library.path: [E:\Develop\Java\jdk1.8.0_161\bin;C:\Windows\Sun\Java\bin;C:\Windows\system32;C:\Windows;D:\oracle\product\11.1.0\client_1\bin;C:\ProgramData\Oracle\Java\javapath;C:\Windows\system32;C:\Windows;C:\Windows\System32\Wbem;C:\Windows\System32\WindowsPowerShell\v1.0\;E:\Develop\Java\jdk1.8.0_45\bin;E:\Develop\Java\jdk1.8.0_45\jre\bin;D:\Program Files\TortoiseSVN\bin;E:\Develop\Apache\apache-maven-3.5.0\bin;E:\Develop\Gradle\gradle-3.5\bin;C:\Program Files\PuTTY\;D:\Program Files\Git\cmd;C:\Program Files\MySQL\MySQL Utilities 1.6\;E:\Develop\Apache\zookeeper-3.4.9\bin;E:\Develop\Scala\scala-2.12.4\bin;D:\Program Files\nodejs\;E:\Develop\Redis\;d:\Ruby24-x64\bin;C:\Users\DIYILIU\AppData\Local\Microsoft\WindowsApps;;d:\Program Files (x86)\Fiddler2;C:\Users\DIYILIU\AppData\Roaming\npm;.]
[INFO ] [2018-04-13 16:35:51] org.apache.catalina.core.ContainerBase.[Tomcat].[localhost].[/] [180] - Initializing Spring embedded WebApplicationContext
[INFO ] [2018-04-13 16:35:51] org.springframework.web.context.ContextLoader [285] - Root WebApplicationContext: initialization completed in 1516 ms
[INFO ] [2018-04-13 16:35:51] org.springframework.boot.web.servlet.ServletRegistrationBean [185] - Servlet dispatcherServlet mapped to [/]
[INFO ] [2018-04-13 16:35:51] org.springframework.boot.web.servlet.FilterRegistrationBean [243] - Mapping filter: 'characterEncodingFilter' to: [/*]
[INFO ] [2018-04-13 16:35:51] org.springframework.boot.web.servlet.FilterRegistrationBean [243] - Mapping filter: 'hiddenHttpMethodFilter' to: [/*]
[INFO ] [2018-04-13 16:35:51] org.springframework.boot.web.servlet.FilterRegistrationBean [243] - Mapping filter: 'httpPutFormContentFilter' to: [/*]
[INFO ] [2018-04-13 16:35:51] org.springframework.boot.web.servlet.FilterRegistrationBean [243] - Mapping filter: 'requestContextFilter' to: [/*]
[INFO ] [2018-04-13 16:35:51] org.springframework.orm.jpa.LocalContainerEntityManagerFactoryBean [361] - Building JPA container EntityManagerFactory for persistence unit 'default'
[INFO ] [2018-04-13 16:35:51] org.hibernate.jpa.internal.util.LogHelper [31] - HHH000204: Processing PersistenceUnitInfo [
	name: default
	...]
[INFO ] [2018-04-13 16:35:51] org.hibernate.Version [45] - HHH000412: Hibernate Core {5.2.14.Final}
[INFO ] [2018-04-13 16:35:51] org.hibernate.cfg.Environment [213] - HHH000206: hibernate.properties not found
[INFO ] [2018-04-13 16:35:51] org.hibernate.annotations.common.Version [66] - HCANN000001: Hibernate Commons Annotations {5.0.1.Final}
[INFO ] [2018-04-13 16:35:52] org.hibernate.dialect.Dialect [157] - HHH000400: Using dialect: org.hibernate.dialect.MySQL5Dialect
[INFO ] [2018-04-13 16:35:52] org.springframework.orm.jpa.LocalContainerEntityManagerFactoryBean [394] - Initialized JPA EntityManagerFactory for persistence unit 'default'
[INFO ] [2018-04-13 16:35:52] com.tiza.gw.netty.server.DtuServer [54] - DTU网关服务器启动, 端口[5001]...
[INFO ] [2018-04-13 16:35:52] org.springframework.web.servlet.mvc.method.annotation.RequestMappingHandlerAdapter [567] - Looking for @ControllerAdvice: org.springframework.boot.web.servlet.context.AnnotationConfigServletWebServerApplicationContext@51f116b8: startup date [Fri Apr 13 16:35:49 CST 2018]; root of context hierarchy
[INFO ] [2018-04-13 16:35:52] org.springframework.web.servlet.mvc.method.annotation.RequestMappingHandlerMapping [548] - Mapped "{[/error]}" onto public org.springframework.http.ResponseEntity<java.util.Map<java.lang.String, java.lang.Object>> org.springframework.boot.autoconfigure.web.servlet.error.BasicErrorController.error(javax.servlet.http.HttpServletRequest)
[INFO ] [2018-04-13 16:35:52] org.springframework.web.servlet.mvc.method.annotation.RequestMappingHandlerMapping [548] - Mapped "{[/error],produces=[text/html]}" onto public org.springframework.web.servlet.ModelAndView org.springframework.boot.autoconfigure.web.servlet.error.BasicErrorController.errorHtml(javax.servlet.http.HttpServletRequest,javax.servlet.http.HttpServletResponse)
[INFO ] [2018-04-13 16:35:52] org.springframework.web.servlet.handler.SimpleUrlHandlerMapping [373] - Mapped URL path [/webjars/**] onto handler of type [class org.springframework.web.servlet.resource.ResourceHttpRequestHandler]
[INFO ] [2018-04-13 16:35:52] org.springframework.web.servlet.handler.SimpleUrlHandlerMapping [373] - Mapped URL path [/**] onto handler of type [class org.springframework.web.servlet.resource.ResourceHttpRequestHandler]
[INFO ] [2018-04-13 16:35:52] org.springframework.web.servlet.handler.SimpleUrlHandlerMapping [373] - Mapped URL path [/**/favicon.ico] onto handler of type [class org.springframework.web.servlet.resource.ResourceHttpRequestHandler]
[INFO ] [2018-04-13 16:35:53] org.quartz.impl.StdSchedulerFactory [1208] - Using default implementation for ThreadExecutor
[INFO ] [2018-04-13 16:35:53] org.quartz.core.SchedulerSignalerImpl [61] - Initialized Scheduler Signaller of type: class org.quartz.core.SchedulerSignalerImpl
[INFO ] [2018-04-13 16:35:53] org.quartz.core.QuartzScheduler [229] - Quartz Scheduler v.2.3.0 created.
[INFO ] [2018-04-13 16:35:53] org.quartz.simpl.RAMJobStore [155] - RAMJobStore initialized.
[INFO ] [2018-04-13 16:35:53] org.quartz.core.QuartzScheduler [294] - Scheduler meta-data: Quartz Scheduler (v2.3.0) 'quartzScheduler' with instanceId 'NON_CLUSTERED'
  Scheduler class: 'org.quartz.core.QuartzScheduler' - running locally.
  NOT STARTED.
  Currently in standby mode.
  Number of jobs executed: 0
  Using thread pool 'org.quartz.simpl.SimpleThreadPool' - with 10 threads.
  Using job-store 'org.quartz.simpl.RAMJobStore' - which does not support persistence. and is not clustered.

[INFO ] [2018-04-13 16:35:53] org.quartz.impl.StdSchedulerFactory [1362] - Quartz scheduler 'quartzScheduler' initialized from an externally provided properties instance.
[INFO ] [2018-04-13 16:35:53] org.quartz.impl.StdSchedulerFactory [1366] - Quartz scheduler version: 2.3.0
[INFO ] [2018-04-13 16:35:53] org.quartz.core.QuartzScheduler [2287] - JobFactory set to: org.springframework.boot.autoconfigure.quartz.AutowireCapableBeanJobFactory@575c3e9b
[INFO ] [2018-04-13 16:35:53] org.springframework.jmx.export.annotation.AnnotationMBeanExporter [434] - Registering beans for JMX exposure on startup
[INFO ] [2018-04-13 16:35:53] org.springframework.jmx.export.annotation.AnnotationMBeanExporter [896] - Bean with name 'dataSource' has been autodetected for JMX exposure
[INFO ] [2018-04-13 16:35:53] org.springframework.jmx.export.annotation.AnnotationMBeanExporter [669] - Located MBean 'dataSource': registering with JMX server as MBean [com.alibaba.druid.pool:name=dataSource,type=DruidDataSource]
[INFO ] [2018-04-13 16:35:53] org.springframework.context.support.DefaultLifecycleProcessor [351] - Starting beans in phase 2147483547
[INFO ] [2018-04-13 16:35:53] org.springframework.context.support.DefaultLifecycleProcessor [351] - Starting beans in phase 2147483647
[INFO ] [2018-04-13 16:35:53] org.springframework.scheduling.quartz.SchedulerFactoryBean [686] - Starting Quartz Scheduler now
[INFO ] [2018-04-13 16:35:53] org.quartz.core.QuartzScheduler [547] - Scheduler quartzScheduler_$_NON_CLUSTERED started.
[INFO ] [2018-04-13 16:35:53] org.springframework.scheduling.annotation.ScheduledAnnotationBeanPostProcessor [275] - No TaskScheduler/ScheduledExecutorService bean found for scheduled processing
[INFO ] [2018-04-13 16:35:53] com.tiza.gw.support.listener.CMDInitializer [26] - 协议解析初始化...
[INFO ] [2018-04-13 16:35:53] org.apache.coyote.http11.Http11NioProtocol [180] - Starting ProtocolHandler ["http-nio-8080"]
[INFO ] [2018-04-13 16:35:53] org.apache.tomcat.util.net.NioSelectorPool [180] - Using a shared selector for servlet write/read
[INFO ] [2018-04-13 16:35:53] org.springframework.boot.web.embedded.tomcat.TomcatWebServer [205] - Tomcat started on port(s): 8080 (http) with context path ''
[INFO ] [2018-04-13 16:35:53] com.tiza.gw.support.listener.CMDInitializer [26] - 协议解析初始化...
[INFO ] [2018-04-13 16:35:53] com.tiza.gw.Application [59] - Started Application in 5.053 seconds (JVM running for 6.303)
[INFO ] [2018-04-13 16:35:53] com.tiza.gw.support.listener.CMDInitializer [26] - 协议解析初始化...
[INFO ] [2018-04-13 16:35:53] com.tiza.gw.support.listener.CMDInitializer [26] - 协议解析初始化...
[INFO ] [2018-04-13 16:35:56] com.tiza.gw.support.task.DeviceInfoTask [32] - 刷新设备列表...
[INFO ] [2018-04-13 16:35:58] com.tiza.gw.support.task.FunctionSetTask [38] - 刷新功能集列表...
[INFO ] [2018-04-13 16:36:26] com.tiza.gw.Application [50] - Starting Application on DIYILIU with PID 14132 (E:\Workspace\tiza\sa-plc\sa-gw\out\production\classes started by DIYILIU in E:\Workspace\tiza\sa-plc)
[INFO ] [2018-04-13 16:36:26] com.tiza.gw.Application [652] - No active profile set, falling back to default profiles: default
[INFO ] [2018-04-13 16:36:26] org.springframework.boot.web.servlet.context.AnnotationConfigServletWebServerApplicationContext [589] - Refreshing org.springframework.boot.web.servlet.context.AnnotationConfigServletWebServerApplicationContext@51f116b8: startup date [Fri Apr 13 16:36:26 CST 2018]; root of context hierarchy
[INFO ] [2018-04-13 16:36:27] org.springframework.context.support.PostProcessorRegistrationDelegate$BeanPostProcessorChecker [328] - Bean 'org.springframework.kafka.annotation.KafkaBootstrapConfiguration' of type [org.springframework.kafka.annotation.KafkaBootstrapConfiguration$$EnhancerBySpringCGLIB$$c6e3b40f] is not eligible for getting processed by all BeanPostProcessors (for example: not eligible for auto-proxying)
[INFO ] [2018-04-13 16:36:27] org.springframework.context.support.PostProcessorRegistrationDelegate$BeanPostProcessorChecker [328] - Bean 'org.springframework.transaction.annotation.ProxyTransactionManagementConfiguration' of type [org.springframework.transaction.annotation.ProxyTransactionManagementConfiguration$$EnhancerBySpringCGLIB$$f331a28c] is not eligible for getting processed by all BeanPostProcessors (for example: not eligible for auto-proxying)
[INFO ] [2018-04-13 16:36:28] org.springframework.boot.web.embedded.tomcat.TomcatWebServer [91] - Tomcat initialized with port(s): 8080 (http)
[INFO ] [2018-04-13 16:36:28] org.apache.coyote.http11.Http11NioProtocol [180] - Initializing ProtocolHandler ["http-nio-8080"]
[INFO ] [2018-04-13 16:36:28] org.apache.catalina.core.StandardService [180] - Starting service [Tomcat]
[INFO ] [2018-04-13 16:36:28] org.apache.catalina.core.StandardEngine [180] - Starting Servlet Engine: Apache Tomcat/8.5.28
[INFO ] [2018-04-13 16:36:28] org.apache.catalina.core.AprLifecycleListener [180] - The APR based Apache Tomcat Native library which allows optimal performance in production environments was not found on the java.library.path: [E:\Develop\Java\jdk1.8.0_161\bin;C:\Windows\Sun\Java\bin;C:\Windows\system32;C:\Windows;D:\oracle\product\11.1.0\client_1\bin;C:\ProgramData\Oracle\Java\javapath;C:\Windows\system32;C:\Windows;C:\Windows\System32\Wbem;C:\Windows\System32\WindowsPowerShell\v1.0\;E:\Develop\Java\jdk1.8.0_45\bin;E:\Develop\Java\jdk1.8.0_45\jre\bin;D:\Program Files\TortoiseSVN\bin;E:\Develop\Apache\apache-maven-3.5.0\bin;E:\Develop\Gradle\gradle-3.5\bin;C:\Program Files\PuTTY\;D:\Program Files\Git\cmd;C:\Program Files\MySQL\MySQL Utilities 1.6\;E:\Develop\Apache\zookeeper-3.4.9\bin;E:\Develop\Scala\scala-2.12.4\bin;D:\Program Files\nodejs\;E:\Develop\Redis\;d:\Ruby24-x64\bin;C:\Users\DIYILIU\AppData\Local\Microsoft\WindowsApps;;d:\Program Files (x86)\Fiddler2;C:\Users\DIYILIU\AppData\Roaming\npm;.]
[INFO ] [2018-04-13 16:36:28] org.apache.catalina.core.ContainerBase.[Tomcat].[localhost].[/] [180] - Initializing Spring embedded WebApplicationContext
[INFO ] [2018-04-13 16:36:28] org.springframework.web.context.ContextLoader [285] - Root WebApplicationContext: initialization completed in 1653 ms
[INFO ] [2018-04-13 16:36:28] org.springframework.boot.web.servlet.ServletRegistrationBean [185] - Servlet dispatcherServlet mapped to [/]
[INFO ] [2018-04-13 16:36:28] org.springframework.boot.web.servlet.FilterRegistrationBean [243] - Mapping filter: 'characterEncodingFilter' to: [/*]
[INFO ] [2018-04-13 16:36:28] org.springframework.boot.web.servlet.FilterRegistrationBean [243] - Mapping filter: 'hiddenHttpMethodFilter' to: [/*]
[INFO ] [2018-04-13 16:36:28] org.springframework.boot.web.servlet.FilterRegistrationBean [243] - Mapping filter: 'httpPutFormContentFilter' to: [/*]
[INFO ] [2018-04-13 16:36:28] org.springframework.boot.web.servlet.FilterRegistrationBean [243] - Mapping filter: 'requestContextFilter' to: [/*]
[INFO ] [2018-04-13 16:36:29] org.springframework.orm.jpa.LocalContainerEntityManagerFactoryBean [361] - Building JPA container EntityManagerFactory for persistence unit 'default'
[INFO ] [2018-04-13 16:36:29] org.hibernate.jpa.internal.util.LogHelper [31] - HHH000204: Processing PersistenceUnitInfo [
	name: default
	...]
[INFO ] [2018-04-13 16:36:29] org.hibernate.Version [45] - HHH000412: Hibernate Core {5.2.14.Final}
[INFO ] [2018-04-13 16:36:29] org.hibernate.cfg.Environment [213] - HHH000206: hibernate.properties not found
[INFO ] [2018-04-13 16:36:29] org.hibernate.annotations.common.Version [66] - HCANN000001: Hibernate Commons Annotations {5.0.1.Final}
[INFO ] [2018-04-13 16:36:29] org.hibernate.dialect.Dialect [157] - HHH000400: Using dialect: org.hibernate.dialect.MySQL5Dialect
[INFO ] [2018-04-13 16:36:29] org.springframework.orm.jpa.LocalContainerEntityManagerFactoryBean [394] - Initialized JPA EntityManagerFactory for persistence unit 'default'
[INFO ] [2018-04-13 16:36:30] com.tiza.gw.netty.server.DtuServer [54] - DTU网关服务器启动, 端口[5001]...
[INFO ] [2018-04-13 16:36:30] org.springframework.web.servlet.mvc.method.annotation.RequestMappingHandlerAdapter [567] - Looking for @ControllerAdvice: org.springframework.boot.web.servlet.context.AnnotationConfigServletWebServerApplicationContext@51f116b8: startup date [Fri Apr 13 16:36:26 CST 2018]; root of context hierarchy
[INFO ] [2018-04-13 16:36:30] org.springframework.web.servlet.mvc.method.annotation.RequestMappingHandlerMapping [548] - Mapped "{[/error]}" onto public org.springframework.http.ResponseEntity<java.util.Map<java.lang.String, java.lang.Object>> org.springframework.boot.autoconfigure.web.servlet.error.BasicErrorController.error(javax.servlet.http.HttpServletRequest)
[INFO ] [2018-04-13 16:36:30] org.springframework.web.servlet.mvc.method.annotation.RequestMappingHandlerMapping [548] - Mapped "{[/error],produces=[text/html]}" onto public org.springframework.web.servlet.ModelAndView org.springframework.boot.autoconfigure.web.servlet.error.BasicErrorController.errorHtml(javax.servlet.http.HttpServletRequest,javax.servlet.http.HttpServletResponse)
[INFO ] [2018-04-13 16:36:30] org.springframework.web.servlet.handler.SimpleUrlHandlerMapping [373] - Mapped URL path [/webjars/**] onto handler of type [class org.springframework.web.servlet.resource.ResourceHttpRequestHandler]
[INFO ] [2018-04-13 16:36:30] org.springframework.web.servlet.handler.SimpleUrlHandlerMapping [373] - Mapped URL path [/**] onto handler of type [class org.springframework.web.servlet.resource.ResourceHttpRequestHandler]
[INFO ] [2018-04-13 16:36:30] org.springframework.web.servlet.handler.SimpleUrlHandlerMapping [373] - Mapped URL path [/**/favicon.ico] onto handler of type [class org.springframework.web.servlet.resource.ResourceHttpRequestHandler]
[INFO ] [2018-04-13 16:36:30] org.quartz.impl.StdSchedulerFactory [1208] - Using default implementation for ThreadExecutor
[INFO ] [2018-04-13 16:36:30] org.quartz.core.SchedulerSignalerImpl [61] - Initialized Scheduler Signaller of type: class org.quartz.core.SchedulerSignalerImpl
[INFO ] [2018-04-13 16:36:30] org.quartz.core.QuartzScheduler [229] - Quartz Scheduler v.2.3.0 created.
[INFO ] [2018-04-13 16:36:30] org.quartz.simpl.RAMJobStore [155] - RAMJobStore initialized.
[INFO ] [2018-04-13 16:36:30] org.quartz.core.QuartzScheduler [294] - Scheduler meta-data: Quartz Scheduler (v2.3.0) 'quartzScheduler' with instanceId 'NON_CLUSTERED'
  Scheduler class: 'org.quartz.core.QuartzScheduler' - running locally.
  NOT STARTED.
  Currently in standby mode.
  Number of jobs executed: 0
  Using thread pool 'org.quartz.simpl.SimpleThreadPool' - with 10 threads.
  Using job-store 'org.quartz.simpl.RAMJobStore' - which does not support persistence. and is not clustered.

[INFO ] [2018-04-13 16:36:30] org.quartz.impl.StdSchedulerFactory [1362] - Quartz scheduler 'quartzScheduler' initialized from an externally provided properties instance.
[INFO ] [2018-04-13 16:36:30] org.quartz.impl.StdSchedulerFactory [1366] - Quartz scheduler version: 2.3.0
[INFO ] [2018-04-13 16:36:30] org.quartz.core.QuartzScheduler [2287] - JobFactory set to: org.springframework.boot.autoconfigure.quartz.AutowireCapableBeanJobFactory@73c3cd09
[INFO ] [2018-04-13 16:36:30] org.springframework.jmx.export.annotation.AnnotationMBeanExporter [434] - Registering beans for JMX exposure on startup
[INFO ] [2018-04-13 16:36:30] org.springframework.jmx.export.annotation.AnnotationMBeanExporter [896] - Bean with name 'dataSource' has been autodetected for JMX exposure
[INFO ] [2018-04-13 16:36:30] org.springframework.jmx.export.annotation.AnnotationMBeanExporter [669] - Located MBean 'dataSource': registering with JMX server as MBean [com.alibaba.druid.pool:name=dataSource,type=DruidDataSource]
[INFO ] [2018-04-13 16:36:30] org.springframework.context.support.DefaultLifecycleProcessor [351] - Starting beans in phase 2147483547
[INFO ] [2018-04-13 16:36:30] org.springframework.context.support.DefaultLifecycleProcessor [351] - Starting beans in phase 2147483647
[INFO ] [2018-04-13 16:36:30] org.springframework.scheduling.quartz.SchedulerFactoryBean [686] - Starting Quartz Scheduler now
[INFO ] [2018-04-13 16:36:30] org.quartz.core.QuartzScheduler [547] - Scheduler quartzScheduler_$_NON_CLUSTERED started.
[INFO ] [2018-04-13 16:36:30] org.springframework.scheduling.annotation.ScheduledAnnotationBeanPostProcessor [275] - No TaskScheduler/ScheduledExecutorService bean found for scheduled processing
[INFO ] [2018-04-13 16:36:30] org.apache.coyote.http11.Http11NioProtocol [180] - Starting ProtocolHandler ["http-nio-8080"]
[INFO ] [2018-04-13 16:36:30] org.apache.tomcat.util.net.NioSelectorPool [180] - Using a shared selector for servlet write/read
[INFO ] [2018-04-13 16:36:30] org.springframework.boot.web.embedded.tomcat.TomcatWebServer [205] - Tomcat started on port(s): 8080 (http) with context path ''
[INFO ] [2018-04-13 16:36:30] com.tiza.gw.Application [59] - Started Application in 5.074 seconds (JVM running for 6.273)
[INFO ] [2018-04-13 16:36:30] com.tiza.gw.support.listener.CMDInitializer [27] - 协议解析初始化...
[INFO ] [2018-04-13 16:36:33] com.tiza.gw.support.task.DeviceInfoTask [32] - 刷新设备列表...
[INFO ] [2018-04-13 16:36:35] com.tiza.gw.support.task.FunctionSetTask [38] - 刷新功能集列表...
[INFO ] [2018-04-13 16:40:17] com.tiza.gw.Application [50] - Starting Application on DIYILIU with PID 14516 (E:\Workspace\tiza\sa-plc\sa-gw\out\production\classes started by DIYILIU in E:\Workspace\tiza\sa-plc)
[INFO ] [2018-04-13 16:40:17] com.tiza.gw.Application [652] - No active profile set, falling back to default profiles: default
[INFO ] [2018-04-13 16:40:17] org.springframework.boot.web.servlet.context.AnnotationConfigServletWebServerApplicationContext [589] - Refreshing org.springframework.boot.web.servlet.context.AnnotationConfigServletWebServerApplicationContext@51f116b8: startup date [Fri Apr 13 16:40:17 CST 2018]; root of context hierarchy
[INFO ] [2018-04-13 16:40:19] org.springframework.context.support.PostProcessorRegistrationDelegate$BeanPostProcessorChecker [328] - Bean 'org.springframework.kafka.annotation.KafkaBootstrapConfiguration' of type [org.springframework.kafka.annotation.KafkaBootstrapConfiguration$$EnhancerBySpringCGLIB$$890f4985] is not eligible for getting processed by all BeanPostProcessors (for example: not eligible for auto-proxying)
[INFO ] [2018-04-13 16:40:19] org.springframework.context.support.PostProcessorRegistrationDelegate$BeanPostProcessorChecker [328] - Bean 'org.springframework.transaction.annotation.ProxyTransactionManagementConfiguration' of type [org.springframework.transaction.annotation.ProxyTransactionManagementConfiguration$$EnhancerBySpringCGLIB$$b55d3802] is not eligible for getting processed by all BeanPostProcessors (for example: not eligible for auto-proxying)
[INFO ] [2018-04-13 16:40:19] org.springframework.boot.web.embedded.tomcat.TomcatWebServer [91] - Tomcat initialized with port(s): 8080 (http)
[INFO ] [2018-04-13 16:40:19] org.apache.coyote.http11.Http11NioProtocol [180] - Initializing ProtocolHandler ["http-nio-8080"]
[INFO ] [2018-04-13 16:40:19] org.apache.catalina.core.StandardService [180] - Starting service [Tomcat]
[INFO ] [2018-04-13 16:40:19] org.apache.catalina.core.StandardEngine [180] - Starting Servlet Engine: Apache Tomcat/8.5.28
[INFO ] [2018-04-13 16:40:19] org.apache.catalina.core.AprLifecycleListener [180] - The APR based Apache Tomcat Native library which allows optimal performance in production environments was not found on the java.library.path: [E:\Develop\Java\jdk1.8.0_161\bin;C:\Windows\Sun\Java\bin;C:\Windows\system32;C:\Windows;D:\oracle\product\11.1.0\client_1\bin;C:\ProgramData\Oracle\Java\javapath;C:\Windows\system32;C:\Windows;C:\Windows\System32\Wbem;C:\Windows\System32\WindowsPowerShell\v1.0\;E:\Develop\Java\jdk1.8.0_45\bin;E:\Develop\Java\jdk1.8.0_45\jre\bin;D:\Program Files\TortoiseSVN\bin;E:\Develop\Apache\apache-maven-3.5.0\bin;E:\Develop\Gradle\gradle-3.5\bin;C:\Program Files\PuTTY\;D:\Program Files\Git\cmd;C:\Program Files\MySQL\MySQL Utilities 1.6\;E:\Develop\Apache\zookeeper-3.4.9\bin;E:\Develop\Scala\scala-2.12.4\bin;D:\Program Files\nodejs\;E:\Develop\Redis\;d:\Ruby24-x64\bin;C:\Users\DIYILIU\AppData\Local\Microsoft\WindowsApps;;d:\Program Files (x86)\Fiddler2;C:\Users\DIYILIU\AppData\Roaming\npm;.]
[INFO ] [2018-04-13 16:40:19] org.apache.catalina.core.ContainerBase.[Tomcat].[localhost].[/] [180] - Initializing Spring embedded WebApplicationContext
[INFO ] [2018-04-13 16:40:19] org.springframework.web.context.ContextLoader [285] - Root WebApplicationContext: initialization completed in 2315 ms
[INFO ] [2018-04-13 16:40:19] org.springframework.boot.web.servlet.ServletRegistrationBean [185] - Servlet dispatcherServlet mapped to [/]
[INFO ] [2018-04-13 16:40:19] org.springframework.boot.web.servlet.FilterRegistrationBean [243] - Mapping filter: 'characterEncodingFilter' to: [/*]
[INFO ] [2018-04-13 16:40:19] org.springframework.boot.web.servlet.FilterRegistrationBean [243] - Mapping filter: 'hiddenHttpMethodFilter' to: [/*]
[INFO ] [2018-04-13 16:40:19] org.springframework.boot.web.servlet.FilterRegistrationBean [243] - Mapping filter: 'httpPutFormContentFilter' to: [/*]
[INFO ] [2018-04-13 16:40:19] org.springframework.boot.web.servlet.FilterRegistrationBean [243] - Mapping filter: 'requestContextFilter' to: [/*]
[INFO ] [2018-04-13 16:40:20] org.springframework.orm.jpa.LocalContainerEntityManagerFactoryBean [361] - Building JPA container EntityManagerFactory for persistence unit 'default'
[INFO ] [2018-04-13 16:40:20] org.hibernate.jpa.internal.util.LogHelper [31] - HHH000204: Processing PersistenceUnitInfo [
	name: default
	...]
[INFO ] [2018-04-13 16:40:20] org.hibernate.Version [45] - HHH000412: Hibernate Core {5.2.14.Final}
[INFO ] [2018-04-13 16:40:20] org.hibernate.cfg.Environment [213] - HHH000206: hibernate.properties not found
[INFO ] [2018-04-13 16:40:20] org.hibernate.annotations.common.Version [66] - HCANN000001: Hibernate Commons Annotations {5.0.1.Final}
[INFO ] [2018-04-13 16:40:20] org.hibernate.dialect.Dialect [157] - HHH000400: Using dialect: org.hibernate.dialect.MySQL5Dialect
[INFO ] [2018-04-13 16:40:21] org.springframework.orm.jpa.LocalContainerEntityManagerFactoryBean [394] - Initialized JPA EntityManagerFactory for persistence unit 'default'
[INFO ] [2018-04-13 16:40:21] com.tiza.gw.netty.server.DtuServer [54] - DTU网关服务器启动, 端口[5001]...
[INFO ] [2018-04-13 16:40:21] org.springframework.web.servlet.mvc.method.annotation.RequestMappingHandlerAdapter [567] - Looking for @ControllerAdvice: org.springframework.boot.web.servlet.context.AnnotationConfigServletWebServerApplicationContext@51f116b8: startup date [Fri Apr 13 16:40:17 CST 2018]; root of context hierarchy
[INFO ] [2018-04-13 16:40:21] org.springframework.web.servlet.mvc.method.annotation.RequestMappingHandlerMapping [548] - Mapped "{[/error]}" onto public org.springframework.http.ResponseEntity<java.util.Map<java.lang.String, java.lang.Object>> org.springframework.boot.autoconfigure.web.servlet.error.BasicErrorController.error(javax.servlet.http.HttpServletRequest)
[INFO ] [2018-04-13 16:40:21] org.springframework.web.servlet.mvc.method.annotation.RequestMappingHandlerMapping [548] - Mapped "{[/error],produces=[text/html]}" onto public org.springframework.web.servlet.ModelAndView org.springframework.boot.autoconfigure.web.servlet.error.BasicErrorController.errorHtml(javax.servlet.http.HttpServletRequest,javax.servlet.http.HttpServletResponse)
[INFO ] [2018-04-13 16:40:21] org.springframework.web.servlet.handler.SimpleUrlHandlerMapping [373] - Mapped URL path [/webjars/**] onto handler of type [class org.springframework.web.servlet.resource.ResourceHttpRequestHandler]
[INFO ] [2018-04-13 16:40:21] org.springframework.web.servlet.handler.SimpleUrlHandlerMapping [373] - Mapped URL path [/**] onto handler of type [class org.springframework.web.servlet.resource.ResourceHttpRequestHandler]
[INFO ] [2018-04-13 16:40:21] org.springframework.web.servlet.handler.SimpleUrlHandlerMapping [373] - Mapped URL path [/**/favicon.ico] onto handler of type [class org.springframework.web.servlet.resource.ResourceHttpRequestHandler]
[INFO ] [2018-04-13 16:40:22] org.quartz.impl.StdSchedulerFactory [1208] - Using default implementation for ThreadExecutor
[INFO ] [2018-04-13 16:40:22] org.quartz.core.SchedulerSignalerImpl [61] - Initialized Scheduler Signaller of type: class org.quartz.core.SchedulerSignalerImpl
[INFO ] [2018-04-13 16:40:22] org.quartz.core.QuartzScheduler [229] - Quartz Scheduler v.2.3.0 created.
[INFO ] [2018-04-13 16:40:22] org.quartz.simpl.RAMJobStore [155] - RAMJobStore initialized.
[INFO ] [2018-04-13 16:40:22] org.quartz.core.QuartzScheduler [294] - Scheduler meta-data: Quartz Scheduler (v2.3.0) 'quartzScheduler' with instanceId 'NON_CLUSTERED'
  Scheduler class: 'org.quartz.core.QuartzScheduler' - running locally.
  NOT STARTED.
  Currently in standby mode.
  Number of jobs executed: 0
  Using thread pool 'org.quartz.simpl.SimpleThreadPool' - with 10 threads.
  Using job-store 'org.quartz.simpl.RAMJobStore' - which does not support persistence. and is not clustered.

[INFO ] [2018-04-13 16:40:22] org.quartz.impl.StdSchedulerFactory [1362] - Quartz scheduler 'quartzScheduler' initialized from an externally provided properties instance.
[INFO ] [2018-04-13 16:40:22] org.quartz.impl.StdSchedulerFactory [1366] - Quartz scheduler version: 2.3.0
[INFO ] [2018-04-13 16:40:22] org.quartz.core.QuartzScheduler [2287] - JobFactory set to: org.springframework.boot.autoconfigure.quartz.AutowireCapableBeanJobFactory@939ff41
[INFO ] [2018-04-13 16:40:22] org.springframework.jmx.export.annotation.AnnotationMBeanExporter [434] - Registering beans for JMX exposure on startup
[INFO ] [2018-04-13 16:40:22] org.springframework.jmx.export.annotation.AnnotationMBeanExporter [896] - Bean with name 'dataSource' has been autodetected for JMX exposure
[INFO ] [2018-04-13 16:40:22] org.springframework.jmx.export.annotation.AnnotationMBeanExporter [669] - Located MBean 'dataSource': registering with JMX server as MBean [com.alibaba.druid.pool:name=dataSource,type=DruidDataSource]
[INFO ] [2018-04-13 16:40:22] org.springframework.context.support.DefaultLifecycleProcessor [351] - Starting beans in phase 2147483547
[INFO ] [2018-04-13 16:40:22] org.springframework.context.support.DefaultLifecycleProcessor [351] - Starting beans in phase 2147483647
[INFO ] [2018-04-13 16:40:22] org.springframework.scheduling.quartz.SchedulerFactoryBean [686] - Starting Quartz Scheduler now
[INFO ] [2018-04-13 16:40:22] org.quartz.core.QuartzScheduler [547] - Scheduler quartzScheduler_$_NON_CLUSTERED started.
[INFO ] [2018-04-13 16:40:22] org.springframework.scheduling.annotation.ScheduledAnnotationBeanPostProcessor [275] - No TaskScheduler/ScheduledExecutorService bean found for scheduled processing
[INFO ] [2018-04-13 16:40:22] org.apache.coyote.http11.Http11NioProtocol [180] - Starting ProtocolHandler ["http-nio-8080"]
[INFO ] [2018-04-13 16:40:22] org.apache.tomcat.util.net.NioSelectorPool [180] - Using a shared selector for servlet write/read
[INFO ] [2018-04-13 16:40:22] org.springframework.boot.web.embedded.tomcat.TomcatWebServer [205] - Tomcat started on port(s): 8080 (http) with context path ''
[INFO ] [2018-04-13 16:40:22] com.tiza.gw.Application [59] - Started Application in 5.764 seconds (JVM running for 7.002)
[INFO ] [2018-04-13 16:40:22] com.tiza.gw.support.listener.CMDInitializer [27] - 协议解析初始化...
[INFO ] [2018-04-13 16:40:24] com.tiza.gw.netty.handler.DtuHandler [32] - 建立连接...
[INFO ] [2018-04-13 16:40:25] com.tiza.gw.support.task.DeviceInfoTask [32] - 刷新设备列表...
[INFO ] [2018-04-13 16:40:27] com.tiza.gw.support.task.FunctionSetTask [38] - 刷新功能集列表...
[INFO ] [2018-04-13 16:40:33] com.tiza.gw.netty.handler.DtuHandler [32] - 建立连接...
[INFO ] [2018-04-13 17:20:20] com.tiza.gw.Application [50] - Starting Application on DIYILIU with PID 9652 (E:\Workspace\tiza\sa-plc\sa-gw\out\production\classes started by DIYILIU in E:\Workspace\tiza\sa-plc)
[INFO ] [2018-04-13 17:20:20] com.tiza.gw.Application [652] - No active profile set, falling back to default profiles: default
[INFO ] [2018-04-13 17:20:20] org.springframework.boot.web.servlet.context.AnnotationConfigServletWebServerApplicationContext [589] - Refreshing org.springframework.boot.web.servlet.context.AnnotationConfigServletWebServerApplicationContext@11bd0f3b: startup date [Fri Apr 13 17:20:20 CST 2018]; root of context hierarchy
[INFO ] [2018-04-13 17:20:22] org.springframework.context.support.PostProcessorRegistrationDelegate$BeanPostProcessorChecker [328] - Bean 'org.springframework.kafka.annotation.KafkaBootstrapConfiguration' of type [org.springframework.kafka.annotation.KafkaBootstrapConfiguration$$EnhancerBySpringCGLIB$$4cf990b6] is not eligible for getting processed by all BeanPostProcessors (for example: not eligible for auto-proxying)
[INFO ] [2018-04-13 17:20:22] org.springframework.context.support.PostProcessorRegistrationDelegate$BeanPostProcessorChecker [328] - Bean 'org.springframework.transaction.annotation.ProxyTransactionManagementConfiguration' of type [org.springframework.transaction.annotation.ProxyTransactionManagementConfiguration$$EnhancerBySpringCGLIB$$79477f33] is not eligible for getting processed by all BeanPostProcessors (for example: not eligible for auto-proxying)
[INFO ] [2018-04-13 17:20:22] org.springframework.boot.web.embedded.tomcat.TomcatWebServer [91] - Tomcat initialized with port(s): 8080 (http)
[INFO ] [2018-04-13 17:20:23] org.apache.coyote.http11.Http11NioProtocol [180] - Initializing ProtocolHandler ["http-nio-8080"]
[INFO ] [2018-04-13 17:20:23] org.apache.catalina.core.StandardService [180] - Starting service [Tomcat]
[INFO ] [2018-04-13 17:20:23] org.apache.catalina.core.StandardEngine [180] - Starting Servlet Engine: Apache Tomcat/8.5.28
[INFO ] [2018-04-13 17:20:23] org.apache.catalina.core.AprLifecycleListener [180] - The APR based Apache Tomcat Native library which allows optimal performance in production environments was not found on the java.library.path: [E:\Develop\Java\jdk1.8.0_161\bin;C:\Windows\Sun\Java\bin;C:\Windows\system32;C:\Windows;D:\oracle\product\11.1.0\client_1\bin;C:\ProgramData\Oracle\Java\javapath;C:\Windows\system32;C:\Windows;C:\Windows\System32\Wbem;C:\Windows\System32\WindowsPowerShell\v1.0\;E:\Develop\Java\jdk1.8.0_45\bin;E:\Develop\Java\jdk1.8.0_45\jre\bin;D:\Program Files\TortoiseSVN\bin;E:\Develop\Apache\apache-maven-3.5.0\bin;E:\Develop\Gradle\gradle-3.5\bin;C:\Program Files\PuTTY\;D:\Program Files\Git\cmd;C:\Program Files\MySQL\MySQL Utilities 1.6\;E:\Develop\Apache\zookeeper-3.4.9\bin;E:\Develop\Scala\scala-2.12.4\bin;D:\Program Files\nodejs\;E:\Develop\Redis\;d:\Ruby24-x64\bin;C:\Users\DIYILIU\AppData\Local\Microsoft\WindowsApps;;d:\Program Files (x86)\Fiddler2;C:\Users\DIYILIU\AppData\Roaming\npm;.]
[INFO ] [2018-04-13 17:20:23] org.apache.catalina.core.ContainerBase.[Tomcat].[localhost].[/] [180] - Initializing Spring embedded WebApplicationContext
[INFO ] [2018-04-13 17:20:23] org.springframework.web.context.ContextLoader [285] - Root WebApplicationContext: initialization completed in 3004 ms
[INFO ] [2018-04-13 17:20:23] org.springframework.boot.web.servlet.ServletRegistrationBean [185] - Servlet dispatcherServlet mapped to [/]
[INFO ] [2018-04-13 17:20:23] org.springframework.boot.web.servlet.FilterRegistrationBean [243] - Mapping filter: 'characterEncodingFilter' to: [/*]
[INFO ] [2018-04-13 17:20:23] org.springframework.boot.web.servlet.FilterRegistrationBean [243] - Mapping filter: 'hiddenHttpMethodFilter' to: [/*]
[INFO ] [2018-04-13 17:20:23] org.springframework.boot.web.servlet.FilterRegistrationBean [243] - Mapping filter: 'httpPutFormContentFilter' to: [/*]
[INFO ] [2018-04-13 17:20:23] org.springframework.boot.web.servlet.FilterRegistrationBean [243] - Mapping filter: 'requestContextFilter' to: [/*]
[INFO ] [2018-04-13 17:20:25] org.springframework.orm.jpa.LocalContainerEntityManagerFactoryBean [361] - Building JPA container EntityManagerFactory for persistence unit 'default'
[INFO ] [2018-04-13 17:20:25] org.hibernate.jpa.internal.util.LogHelper [31] - HHH000204: Processing PersistenceUnitInfo [
	name: default
	...]
[INFO ] [2018-04-13 17:20:25] org.hibernate.Version [45] - HHH000412: Hibernate Core {5.2.14.Final}
[INFO ] [2018-04-13 17:20:25] org.hibernate.cfg.Environment [213] - HHH000206: hibernate.properties not found
[INFO ] [2018-04-13 17:20:25] org.hibernate.annotations.common.Version [66] - HCANN000001: Hibernate Commons Annotations {5.0.1.Final}
[INFO ] [2018-04-13 17:20:25] org.hibernate.dialect.Dialect [157] - HHH000400: Using dialect: org.hibernate.dialect.MySQL5Dialect
[INFO ] [2018-04-13 17:20:26] org.springframework.orm.jpa.LocalContainerEntityManagerFactoryBean [394] - Initialized JPA EntityManagerFactory for persistence unit 'default'
[INFO ] [2018-04-13 17:20:26] com.tiza.gw.netty.server.DtuServer [54] - DTU网关服务器启动, 端口[5001]...
[INFO ] [2018-04-13 17:20:27] org.springframework.web.servlet.mvc.method.annotation.RequestMappingHandlerAdapter [567] - Looking for @ControllerAdvice: org.springframework.boot.web.servlet.context.AnnotationConfigServletWebServerApplicationContext@11bd0f3b: startup date [Fri Apr 13 17:20:20 CST 2018]; root of context hierarchy
[INFO ] [2018-04-13 17:20:27] org.springframework.web.servlet.mvc.method.annotation.RequestMappingHandlerMapping [548] - Mapped "{[/error]}" onto public org.springframework.http.ResponseEntity<java.util.Map<java.lang.String, java.lang.Object>> org.springframework.boot.autoconfigure.web.servlet.error.BasicErrorController.error(javax.servlet.http.HttpServletRequest)
[INFO ] [2018-04-13 17:20:27] org.springframework.web.servlet.mvc.method.annotation.RequestMappingHandlerMapping [548] - Mapped "{[/error],produces=[text/html]}" onto public org.springframework.web.servlet.ModelAndView org.springframework.boot.autoconfigure.web.servlet.error.BasicErrorController.errorHtml(javax.servlet.http.HttpServletRequest,javax.servlet.http.HttpServletResponse)
[INFO ] [2018-04-13 17:20:27] org.springframework.web.servlet.handler.SimpleUrlHandlerMapping [373] - Mapped URL path [/webjars/**] onto handler of type [class org.springframework.web.servlet.resource.ResourceHttpRequestHandler]
[INFO ] [2018-04-13 17:20:27] org.springframework.web.servlet.handler.SimpleUrlHandlerMapping [373] - Mapped URL path [/**] onto handler of type [class org.springframework.web.servlet.resource.ResourceHttpRequestHandler]
[INFO ] [2018-04-13 17:20:27] org.springframework.web.servlet.handler.SimpleUrlHandlerMapping [373] - Mapped URL path [/**/favicon.ico] onto handler of type [class org.springframework.web.servlet.resource.ResourceHttpRequestHandler]
[INFO ] [2018-04-13 17:20:27] org.quartz.impl.StdSchedulerFactory [1208] - Using default implementation for ThreadExecutor
[INFO ] [2018-04-13 17:20:27] org.quartz.core.SchedulerSignalerImpl [61] - Initialized Scheduler Signaller of type: class org.quartz.core.SchedulerSignalerImpl
[INFO ] [2018-04-13 17:20:27] org.quartz.core.QuartzScheduler [229] - Quartz Scheduler v.2.3.0 created.
[INFO ] [2018-04-13 17:20:27] org.quartz.simpl.RAMJobStore [155] - RAMJobStore initialized.
[INFO ] [2018-04-13 17:20:27] org.quartz.core.QuartzScheduler [294] - Scheduler meta-data: Quartz Scheduler (v2.3.0) 'quartzScheduler' with instanceId 'NON_CLUSTERED'
  Scheduler class: 'org.quartz.core.QuartzScheduler' - running locally.
  NOT STARTED.
  Currently in standby mode.
  Number of jobs executed: 0
  Using thread pool 'org.quartz.simpl.SimpleThreadPool' - with 10 threads.
  Using job-store 'org.quartz.simpl.RAMJobStore' - which does not support persistence. and is not clustered.

[INFO ] [2018-04-13 17:20:27] org.quartz.impl.StdSchedulerFactory [1362] - Quartz scheduler 'quartzScheduler' initialized from an externally provided properties instance.
[INFO ] [2018-04-13 17:20:27] org.quartz.impl.StdSchedulerFactory [1366] - Quartz scheduler version: 2.3.0
[INFO ] [2018-04-13 17:20:27] org.quartz.core.QuartzScheduler [2287] - JobFactory set to: org.springframework.boot.autoconfigure.quartz.AutowireCapableBeanJobFactory@64dae3b7
[INFO ] [2018-04-13 17:20:27] org.springframework.jmx.export.annotation.AnnotationMBeanExporter [434] - Registering beans for JMX exposure on startup
[INFO ] [2018-04-13 17:20:27] org.springframework.jmx.export.annotation.AnnotationMBeanExporter [896] - Bean with name 'dataSource' has been autodetected for JMX exposure
[INFO ] [2018-04-13 17:20:27] org.springframework.jmx.export.annotation.AnnotationMBeanExporter [669] - Located MBean 'dataSource': registering with JMX server as MBean [com.alibaba.druid.pool:name=dataSource,type=DruidDataSource]
[INFO ] [2018-04-13 17:20:27] org.springframework.context.support.DefaultLifecycleProcessor [351] - Starting beans in phase 2147483547
[INFO ] [2018-04-13 17:20:27] org.springframework.context.support.DefaultLifecycleProcessor [351] - Starting beans in phase 2147483647
[INFO ] [2018-04-13 17:20:27] org.springframework.scheduling.quartz.SchedulerFactoryBean [686] - Starting Quartz Scheduler now
[INFO ] [2018-04-13 17:20:27] org.quartz.core.QuartzScheduler [547] - Scheduler quartzScheduler_$_NON_CLUSTERED started.
[INFO ] [2018-04-13 17:20:27] org.springframework.scheduling.annotation.ScheduledAnnotationBeanPostProcessor [275] - No TaskScheduler/ScheduledExecutorService bean found for scheduled processing
[INFO ] [2018-04-13 17:20:27] org.apache.coyote.http11.Http11NioProtocol [180] - Starting ProtocolHandler ["http-nio-8080"]
[INFO ] [2018-04-13 17:20:27] org.apache.tomcat.util.net.NioSelectorPool [180] - Using a shared selector for servlet write/read
[INFO ] [2018-04-13 17:20:27] org.springframework.boot.web.embedded.tomcat.TomcatWebServer [205] - Tomcat started on port(s): 8080 (http) with context path ''
[INFO ] [2018-04-13 17:20:27] com.tiza.gw.Application [59] - Started Application in 8.758 seconds (JVM running for 12.318)
[INFO ] [2018-04-13 17:20:27] com.tiza.gw.support.listener.CMDInitializer [27] - 协议解析初始化...
[INFO ] [2018-04-13 17:20:30] com.tiza.gw.support.task.DeviceInfoTask [32] - 刷新设备列表...
[INFO ] [2018-04-13 17:20:32] com.tiza.gw.support.task.FunctionSetTask [38] - 刷新功能集列表...
[INFO ] [2018-04-13 17:20:39] com.tiza.gw.netty.handler.DtuHandler [32] - 建立连接...
[INFO ] [2018-04-13 17:20:40] com.tiza.gw.support.client.KafkaClient [34] - [上行] 设备[355784012783916]原始数据[404040333535373834303132373833393136]写入kafka...
[INFO ] [2018-04-13 17:20:40] org.apache.kafka.clients.producer.ProducerConfig [238] - ProducerConfig values: 
	acks = 1
	batch.size = 16384
	bootstrap.servers = [localhost:9092]
	buffer.memory = 33554432
	client.id = 
	compression.type = none
	connections.max.idle.ms = 540000
	enable.idempotence = false
	interceptor.classes = null
	key.serializer = class org.apache.kafka.common.serialization.StringSerializer
	linger.ms = 0
	max.block.ms = 60000
	max.in.flight.requests.per.connection = 5
	max.request.size = 1048576
	metadata.max.age.ms = 300000
	metric.reporters = []
	metrics.num.samples = 2
	metrics.recording.level = INFO
	metrics.sample.window.ms = 30000
	partitioner.class = class org.apache.kafka.clients.producer.internals.DefaultPartitioner
	receive.buffer.bytes = 32768
	reconnect.backoff.max.ms = 1000
	reconnect.backoff.ms = 50
	request.timeout.ms = 30000
	retries = 0
	retry.backoff.ms = 100
	sasl.jaas.config = null
	sasl.kerberos.kinit.cmd = /usr/bin/kinit
	sasl.kerberos.min.time.before.relogin = 60000
	sasl.kerberos.service.name = null
	sasl.kerberos.ticket.renew.jitter = 0.05
	sasl.kerberos.ticket.renew.window.factor = 0.8
	sasl.mechanism = GSSAPI
	security.protocol = PLAINTEXT
	send.buffer.bytes = 131072
	ssl.cipher.suites = null
	ssl.enabled.protocols = [TLSv1.2, TLSv1.1, TLSv1]
	ssl.endpoint.identification.algorithm = null
	ssl.key.password = null
	ssl.keymanager.algorithm = SunX509
	ssl.keystore.location = null
	ssl.keystore.password = null
	ssl.keystore.type = JKS
	ssl.protocol = TLS
	ssl.provider = null
	ssl.secure.random.implementation = null
	ssl.trustmanager.algorithm = PKIX
	ssl.truststore.location = null
	ssl.truststore.password = null
	ssl.truststore.type = JKS
	transaction.timeout.ms = 60000
	transactional.id = null
	value.serializer = class org.apache.kafka.common.serialization.StringSerializer

[INFO ] [2018-04-13 17:20:40] org.apache.kafka.common.utils.AppInfoParser [109] - Kafka version : 1.0.1
[INFO ] [2018-04-13 17:20:40] org.apache.kafka.common.utils.AppInfoParser [110] - Kafka commitId : c0518aa65f25317e
[INFO ] [2018-04-13 17:21:40] com.tiza.gw.netty.handler.codec.DtuDecoder [123] - 设备[355784012783916]注册...
[INFO ] [2018-04-13 17:21:40] com.tiza.gw.support.task.AutoSenderTask [77] - 终端[355784012783916]指令[1]下发...
[INFO ] [2018-04-13 17:21:40] com.tiza.gw.support.client.KafkaClient [34] - [下行] 设备[355784012783916]原始数据[0201000000103DF5]写入kafka...
