[WARN ] [2018-04-13 16:18:45] o.s.boot.autoconfigure.orm.jpa.JpaBaseConfiguration$JpaWebConfiguration$JpaWebMvcConfiguration [235] - spring.jpa.open-in-view is enabled by default. Therefore, database queries may be performed during view rendering. Explicitly configure spring.jpa.open-in-view to disable this warning
[WARN ] [2018-04-13 16:18:45] org.springframework.boot.web.servlet.context.AnnotationConfigServletWebServerApplicationContext [557] - Exception encountered during context initialization - cancelling refresh attempt: org.springframework.beans.factory.BeanCreationException: Error creating bean with name 'org.springframework.boot.autoconfigure.kafka.KafkaAnnotationDrivenConfiguration': Bean instantiation via constructor failed; nested exception is org.springframework.beans.BeanInstantiationException: Failed to instantiate [org.springframework.boot.autoconfigure.kafka.KafkaAnnotationDrivenConfiguration$$EnhancerBySpringCGLIB$$1e26a8f8]: Constructor threw exception; nested exception is org.springframework.beans.factory.BeanCreationException: Error creating bean with name 'kafkaTemplate' defined in class path resource [org/springframework/boot/autoconfigure/kafka/KafkaAutoConfiguration.class]: Initialization of bean failed; nested exception is java.lang.TypeNotPresentException: Type org.apache.kafka.clients.consumer.OffsetAndMetadata not present
[WARN ] [2018-04-13 16:24:46] o.s.boot.autoconfigure.orm.jpa.JpaBaseConfiguration$JpaWebConfiguration$JpaWebMvcConfiguration [235] - spring.jpa.open-in-view is enabled by default. Therefore, database queries may be performed during view rendering. Explicitly configure spring.jpa.open-in-view to disable this warning
[WARN ] [2018-04-13 16:24:46] org.springframework.boot.web.servlet.context.AnnotationConfigServletWebServerApplicationContext [557] - Exception encountered during context initialization - cancelling refresh attempt: org.springframework.beans.factory.BeanCreationException: Error creating bean with name 'org.springframework.boot.autoconfigure.kafka.KafkaAnnotationDrivenConfiguration': Bean instantiation via constructor failed; nested exception is org.springframework.beans.BeanInstantiationException: Failed to instantiate [org.springframework.boot.autoconfigure.kafka.KafkaAnnotationDrivenConfiguration$$EnhancerBySpringCGLIB$$447acda4]: Constructor threw exception; nested exception is org.springframework.beans.factory.BeanCreationException: Error creating bean with name 'kafkaTemplate' defined in class path resource [org/springframework/boot/autoconfigure/kafka/KafkaAutoConfiguration.class]: Initialization of bean failed; nested exception is java.lang.TypeNotPresentException: Type org.apache.kafka.clients.consumer.OffsetAndMetadata not present
[WARN ] [2018-04-13 16:26:33] o.s.boot.autoconfigure.orm.jpa.JpaBaseConfiguration$JpaWebConfiguration$JpaWebMvcConfiguration [235] - spring.jpa.open-in-view is enabled by default. Therefore, database queries may be performed during view rendering. Explicitly configure spring.jpa.open-in-view to disable this warning
[WARN ] [2018-04-13 16:31:07] o.s.boot.autoconfigure.orm.jpa.JpaBaseConfiguration$JpaWebConfiguration$JpaWebMvcConfiguration [235] - spring.jpa.open-in-view is enabled by default. Therefore, database queries may be performed during view rendering. Explicitly configure spring.jpa.open-in-view to disable this warning
[WARN ] [2018-04-13 16:35:52] o.s.boot.autoconfigure.orm.jpa.JpaBaseConfiguration$JpaWebConfiguration$JpaWebMvcConfiguration [235] - spring.jpa.open-in-view is enabled by default. Therefore, database queries may be performed during view rendering. Explicitly configure spring.jpa.open-in-view to disable this warning
[WARN ] [2018-04-13 16:36:30] o.s.boot.autoconfigure.orm.jpa.JpaBaseConfiguration$JpaWebConfiguration$JpaWebMvcConfiguration [235] - spring.jpa.open-in-view is enabled by default. Therefore, database queries may be performed during view rendering. Explicitly configure spring.jpa.open-in-view to disable this warning
[WARN ] [2018-04-13 16:40:21] o.s.boot.autoconfigure.orm.jpa.JpaBaseConfiguration$JpaWebConfiguration$JpaWebMvcConfiguration [235] - spring.jpa.open-in-view is enabled by default. Therefore, database queries may be performed during view rendering. Explicitly configure spring.jpa.open-in-view to disable this warning
[WARN ] [2018-04-13 17:20:27] o.s.boot.autoconfigure.orm.jpa.JpaBaseConfiguration$JpaWebConfiguration$JpaWebMvcConfiguration [235] - spring.jpa.open-in-view is enabled by default. Therefore, database queries may be performed during view rendering. Explicitly configure spring.jpa.open-in-view to disable this warning
[WARN ] [2018-04-13 17:20:40] org.apache.kafka.clients.producer.ProducerConfig [246] - The configuration 'producer.type' was supplied but isn't a known config.
[WARN ] [2018-04-13 17:20:40] org.apache.kafka.clients.producer.ProducerConfig [246] - The configuration 'metadata.broker.list' was supplied but isn't a known config.
[WARN ] [2018-04-13 17:20:40] org.apache.kafka.clients.producer.ProducerConfig [246] - The configuration 'serializer.class' was supplied but isn't a known config.
[WARN ] [2018-04-13 17:20:40] org.apache.kafka.clients.producer.ProducerConfig [246] - The configuration 'request.required.acks' was supplied but isn't a known config.
[WARN ] [2018-04-13 17:20:41] org.apache.kafka.clients.NetworkClient [241] - [Producer clientId=producer-1] Connection to node -1 could not be established. Broker may not be available.
[WARN ] [2018-04-13 17:20:42] org.apache.kafka.clients.NetworkClient [241] - [Producer clientId=producer-1] Connection to node -1 could not be established. Broker may not be available.
[WARN ] [2018-04-13 17:20:43] org.apache.kafka.clients.NetworkClient [241] - [Producer clientId=producer-1] Connection to node -1 could not be established. Broker may not be available.
[WARN ] [2018-04-13 17:20:45] org.apache.kafka.clients.NetworkClient [241] - [Producer clientId=producer-1] Connection to node -1 could not be established. Broker may not be available.
[WARN ] [2018-04-13 17:20:46] org.apache.kafka.clients.NetworkClient [241] - [Producer clientId=producer-1] Connection to node -1 could not be established. Broker may not be available.
[WARN ] [2018-04-13 17:20:48] org.apache.kafka.clients.NetworkClient [241] - [Producer clientId=producer-1] Connection to node -1 could not be established. Broker may not be available.
[WARN ] [2018-04-13 17:20:50] org.apache.kafka.clients.NetworkClient [241] - [Producer clientId=producer-1] Connection to node -1 could not be established. Broker may not be available.
[WARN ] [2018-04-13 17:20:52] org.apache.kafka.clients.NetworkClient [241] - [Producer clientId=producer-1] Connection to node -1 could not be established. Broker may not be available.
[WARN ] [2018-04-13 17:20:55] org.apache.kafka.clients.NetworkClient [241] - [Producer clientId=producer-1] Connection to node -1 could not be established. Broker may not be available.
[WARN ] [2018-04-13 17:20:56] org.apache.kafka.clients.NetworkClient [241] - [Producer clientId=producer-1] Connection to node -1 could not be established. Broker may not be available.
[WARN ] [2018-04-13 17:20:58] org.apache.kafka.clients.NetworkClient [241] - [Producer clientId=producer-1] Connection to node -1 could not be established. Broker may not be available.
[WARN ] [2018-04-13 17:21:00] org.apache.kafka.clients.NetworkClient [241] - [Producer clientId=producer-1] Connection to node -1 could not be established. Broker may not be available.
[WARN ] [2018-04-13 17:21:02] org.apache.kafka.clients.NetworkClient [241] - [Producer clientId=producer-1] Connection to node -1 could not be established. Broker may not be available.
[WARN ] [2018-04-13 17:21:04] org.apache.kafka.clients.NetworkClient [241] - [Producer clientId=producer-1] Connection to node -1 could not be established. Broker may not be available.
[WARN ] [2018-04-13 17:21:06] org.apache.kafka.clients.NetworkClient [241] - [Producer clientId=producer-1] Connection to node -1 could not be established. Broker may not be available.
[WARN ] [2018-04-13 17:21:08] org.apache.kafka.clients.NetworkClient [241] - [Producer clientId=producer-1] Connection to node -1 could not be established. Broker may not be available.
[WARN ] [2018-04-13 17:21:10] org.apache.kafka.clients.NetworkClient [241] - [Producer clientId=producer-1] Connection to node -1 could not be established. Broker may not be available.
[WARN ] [2018-04-13 17:21:12] org.apache.kafka.clients.NetworkClient [241] - [Producer clientId=producer-1] Connection to node -1 could not be established. Broker may not be available.
[WARN ] [2018-04-13 17:21:14] org.apache.kafka.clients.NetworkClient [241] - [Producer clientId=producer-1] Connection to node -1 could not be established. Broker may not be available.
[WARN ] [2018-04-13 17:21:16] org.apache.kafka.clients.NetworkClient [241] - [Producer clientId=producer-1] Connection to node -1 could not be established. Broker may not be available.
[WARN ] [2018-04-13 17:21:18] org.apache.kafka.clients.NetworkClient [241] - [Producer clientId=producer-1] Connection to node -1 could not be established. Broker may not be available.
[WARN ] [2018-04-13 17:21:20] org.apache.kafka.clients.NetworkClient [241] - [Producer clientId=producer-1] Connection to node -1 could not be established. Broker may not be available.
[WARN ] [2018-04-13 17:21:22] org.apache.kafka.clients.NetworkClient [241] - [Producer clientId=producer-1] Connection to node -1 could not be established. Broker may not be available.
[WARN ] [2018-04-13 17:21:24] org.apache.kafka.clients.NetworkClient [241] - [Producer clientId=producer-1] Connection to node -1 could not be established. Broker may not be available.
[WARN ] [2018-04-13 17:21:26] org.apache.kafka.clients.NetworkClient [241] - [Producer clientId=producer-1] Connection to node -1 could not be established. Broker may not be available.
[WARN ] [2018-04-13 17:21:29] org.apache.kafka.clients.NetworkClient [241] - [Producer clientId=producer-1] Connection to node -1 could not be established. Broker may not be available.
[WARN ] [2018-04-13 17:21:31] org.apache.kafka.clients.NetworkClient [241] - [Producer clientId=producer-1] Connection to node -1 could not be established. Broker may not be available.
[WARN ] [2018-04-13 17:21:33] org.apache.kafka.clients.NetworkClient [241] - [Producer clientId=producer-1] Connection to node -1 could not be established. Broker may not be available.
[WARN ] [2018-04-13 17:21:35] org.apache.kafka.clients.NetworkClient [241] - [Producer clientId=producer-1] Connection to node -1 could not be established. Broker may not be available.
[WARN ] [2018-04-13 17:21:37] org.apache.kafka.clients.NetworkClient [241] - [Producer clientId=producer-1] Connection to node -1 could not be established. Broker may not be available.
[WARN ] [2018-04-13 17:21:39] org.apache.kafka.clients.NetworkClient [241] - [Producer clientId=producer-1] Connection to node -1 could not be established. Broker may not be available.
[WARN ] [2018-04-13 17:21:41] org.apache.kafka.clients.NetworkClient [241] - [Producer clientId=producer-1] Connection to node -1 could not be established. Broker may not be available.
[WARN ] [2018-04-13 17:21:43] org.apache.kafka.clients.NetworkClient [241] - [Producer clientId=producer-1] Connection to node -1 could not be established. Broker may not be available.
[WARN ] [2018-04-13 17:21:45] org.apache.kafka.clients.NetworkClient [241] - [Producer clientId=producer-1] Connection to node -1 could not be established. Broker may not be available.
[WARN ] [2018-04-13 17:21:47] org.apache.kafka.clients.NetworkClient [241] - [Producer clientId=producer-1] Connection to node -1 could not be established. Broker may not be available.
[WARN ] [2018-04-13 17:21:49] org.apache.kafka.clients.NetworkClient [241] - [Producer clientId=producer-1] Connection to node -1 could not be established. Broker may not be available.
[WARN ] [2018-04-13 17:21:51] org.apache.kafka.clients.NetworkClient [241] - [Producer clientId=producer-1] Connection to node -1 could not be established. Broker may not be available.
[WARN ] [2018-04-13 17:21:53] org.apache.kafka.clients.NetworkClient [241] - [Producer clientId=producer-1] Connection to node -1 could not be established. Broker may not be available.
[WARN ] [2018-04-13 17:21:55] org.apache.kafka.clients.NetworkClient [241] - [Producer clientId=producer-1] Connection to node -1 could not be established. Broker may not be available.
[WARN ] [2018-04-13 17:21:57] org.apache.kafka.clients.NetworkClient [241] - [Producer clientId=producer-1] Connection to node -1 could not be established. Broker may not be available.
[WARN ] [2018-04-13 17:21:59] org.apache.kafka.clients.NetworkClient [241] - [Producer clientId=producer-1] Connection to node -1 could not be established. Broker may not be available.
[WARN ] [2018-04-13 17:22:01] org.apache.kafka.clients.NetworkClient [241] - [Producer clientId=producer-1] Connection to node -1 could not be established. Broker may not be available.
[WARN ] [2018-04-13 17:22:03] com.tiza.gw.support.task.AutoSenderTask [67] - 下行指令尚未响应，取消终端[355784012783916]本次指令[2]下发...
[WARN ] [2018-04-13 17:22:03] org.apache.kafka.clients.NetworkClient [241] - [Producer clientId=producer-1] Connection to node -1 could not be established. Broker may not be available.
[WARN ] [2018-04-13 17:22:06] org.apache.kafka.clients.NetworkClient [241] - [Producer clientId=producer-1] Connection to node -1 could not be established. Broker may not be available.
[WARN ] [2018-04-13 17:22:06] com.tiza.gw.support.task.AutoSenderTask [67] - 下行指令尚未响应，取消终端[355784012783916]本次指令[3]下发...
[WARN ] [2018-04-13 17:22:08] org.apache.kafka.clients.NetworkClient [241] - [Producer clientId=producer-1] Connection to node -1 could not be established. Broker may not be available.
[WARN ] [2018-04-13 17:22:10] org.apache.kafka.clients.NetworkClient [241] - [Producer clientId=producer-1] Connection to node -1 could not be established. Broker may not be available.
