[WARN ] [2018-04-16 10:14:24] org.springframework.boot.web.servlet.context.AnnotationConfigServletWebServerApplicationContext [557] - Exception encountered during context initialization - cancelling refresh attempt: org.springframework.beans.factory.BeanCreationException: Error creating bean with name 'springQuartz': Injection of resource dependencies failed; nested exception is org.springframework.beans.factory.BeanCreationException: Error creating bean with name 'deviceInfoJpa': Invocation of init method failed; nested exception is java.lang.IllegalArgumentException: Not a managed type: class com.tiza.gw.support.model.bean.DeviceInfo
[WARN ] [2018-04-16 10:15:18] org.springframework.boot.web.servlet.context.AnnotationConfigServletWebServerApplicationContext [557] - Exception encountered during context initialization - cancelling refresh attempt: org.springframework.beans.factory.BeanCreationException: Error creating bean with name 'springQuartz': Injection of resource dependencies failed; nested exception is org.springframework.beans.factory.BeanCreationException: Error creating bean with name 'functionSetJpa': Invocation of init method failed; nested exception is java.lang.IllegalArgumentException: Not a managed type: class com.tiza.gw.support.model.bean.FunctionInfo
[WARN ] [2018-04-16 10:17:25] o.s.boot.autoconfigure.orm.jpa.JpaBaseConfiguration$JpaWebConfiguration$JpaWebMvcConfiguration [235] - spring.jpa.open-in-view is enabled by default. Therefore, database queries may be performed during view rendering. Explicitly configure spring.jpa.open-in-view to disable this warning
[WARN ] [2018-04-16 10:17:29] org.hibernate.engine.jdbc.spi.SqlExceptionHelper [129] - SQL Error: 1054, SQLState: 42S22
[WARN ] [2018-04-16 10:17:31] org.hibernate.engine.jdbc.spi.SqlExceptionHelper [129] - SQL Error: 1054, SQLState: 42S22
[WARN ] [2018-04-16 10:17:59] com.tiza.gw.netty.handler.codec.DtuDecoder [110] - 设备[355784012783916]不存在!
[WARN ] [2018-04-16 10:18:02] com.tiza.gw.support.task.AutoSenderTask [67] - 下行指令尚未响应，取消终端[355784012783916]本次指令[2]下发...
[WARN ] [2018-04-16 10:18:05] com.tiza.gw.support.task.AutoSenderTask [67] - 下行指令尚未响应，取消终端[355784012783916]本次指令[3]下发...
[WARN ] [2018-04-16 10:18:09] com.tiza.gw.support.task.AutoSenderTask [67] - 下行指令尚未响应，取消终端[355784012783916]本次指令[1]下发...
[WARN ] [2018-04-16 10:18:13] com.tiza.gw.netty.handler.codec.DtuDecoder [110] - 设备[355784012783916]不存在!
[WARN ] [2018-04-16 10:18:15] com.tiza.gw.support.task.AutoSenderTask [67] - 下行指令尚未响应，取消终端[355784012783916]本次指令[3]下发...
[WARN ] [2018-04-16 10:18:19] com.tiza.gw.support.task.AutoSenderTask [67] - 下行指令尚未响应，取消终端[355784012783916]本次指令[1]下发...
[WARN ] [2018-04-16 10:18:22] com.tiza.gw.support.task.AutoSenderTask [67] - 下行指令尚未响应，取消终端[355784012783916]本次指令[2]下发...
[WARN ] [2018-04-16 10:18:26] com.tiza.gw.netty.handler.codec.DtuDecoder [110] - 设备[355784012783916]不存在!
[WARN ] [2018-04-16 10:18:29] com.tiza.gw.support.task.AutoSenderTask [67] - 下行指令尚未响应，取消终端[355784012783916]本次指令[1]下发...
[WARN ] [2018-04-16 10:18:32] com.tiza.gw.support.task.AutoSenderTask [67] - 下行指令尚未响应，取消终端[355784012783916]本次指令[2]下发...
[WARN ] [2018-04-16 10:18:35] com.tiza.gw.support.task.AutoSenderTask [67] - 下行指令尚未响应，取消终端[355784012783916]本次指令[3]下发...
[WARN ] [2018-04-16 10:18:40] com.tiza.gw.netty.handler.codec.DtuDecoder [110] - 设备[355784012783916]不存在!
[WARN ] [2018-04-16 10:18:42] com.tiza.gw.support.task.AutoSenderTask [67] - 下行指令尚未响应，取消终端[355784012783916]本次指令[2]下发...
[WARN ] [2018-04-16 10:18:45] com.tiza.gw.support.task.AutoSenderTask [67] - 下行指令尚未响应，取消终端[355784012783916]本次指令[3]下发...
[WARN ] [2018-04-16 10:18:49] com.tiza.gw.support.task.AutoSenderTask [67] - 下行指令尚未响应，取消终端[355784012783916]本次指令[1]下发...
[WARN ] [2018-04-16 10:18:53] com.tiza.gw.netty.handler.codec.DtuDecoder [110] - 设备[355784012783916]不存在!
[WARN ] [2018-04-16 10:18:55] com.tiza.gw.support.task.AutoSenderTask [67] - 下行指令尚未响应，取消终端[355784012783916]本次指令[3]下发...
[WARN ] [2018-04-16 10:18:59] com.tiza.gw.support.task.AutoSenderTask [67] - 下行指令尚未响应，取消终端[355784012783916]本次指令[1]下发...
[WARN ] [2018-04-16 10:19:02] com.tiza.gw.support.task.AutoSenderTask [67] - 下行指令尚未响应，取消终端[355784012783916]本次指令[2]下发...
[WARN ] [2018-04-16 10:19:06] com.tiza.gw.netty.handler.codec.DtuDecoder [110] - 设备[355784012783916]不存在!
[WARN ] [2018-04-16 10:19:09] com.tiza.gw.support.task.AutoSenderTask [67] - 下行指令尚未响应，取消终端[355784012783916]本次指令[1]下发...
[WARN ] [2018-04-16 10:19:12] com.tiza.gw.support.task.AutoSenderTask [67] - 下行指令尚未响应，取消终端[355784012783916]本次指令[2]下发...
[WARN ] [2018-04-16 10:19:15] com.tiza.gw.support.task.AutoSenderTask [67] - 下行指令尚未响应，取消终端[355784012783916]本次指令[3]下发...
[WARN ] [2018-04-16 10:19:26] o.s.boot.autoconfigure.orm.jpa.JpaBaseConfiguration$JpaWebConfiguration$JpaWebMvcConfiguration [235] - spring.jpa.open-in-view is enabled by default. Therefore, database queries may be performed during view rendering. Explicitly configure spring.jpa.open-in-view to disable this warning
[WARN ] [2018-04-16 10:19:30] org.hibernate.engine.jdbc.spi.SqlExceptionHelper [129] - SQL Error: 1054, SQLState: 42S22
[WARN ] [2018-04-16 10:19:31] org.hibernate.engine.jdbc.spi.SqlExceptionHelper [129] - SQL Error: 1054, SQLState: 42S22
[WARN ] [2018-04-16 10:19:33] com.tiza.gw.netty.handler.codec.DtuDecoder [110] - 设备[355784012783916]不存在!
[WARN ] [2018-04-16 10:21:19] o.s.boot.autoconfigure.orm.jpa.JpaBaseConfiguration$JpaWebConfiguration$JpaWebMvcConfiguration [235] - spring.jpa.open-in-view is enabled by default. Therefore, database queries may be performed during view rendering. Explicitly configure spring.jpa.open-in-view to disable this warning
[WARN ] [2018-04-16 10:21:22] org.hibernate.engine.jdbc.spi.SqlExceptionHelper [129] - SQL Error: 1054, SQLState: 42S22
[WARN ] [2018-04-16 10:21:24] org.hibernate.engine.jdbc.spi.SqlExceptionHelper [129] - SQL Error: 1054, SQLState: 42S22
[WARN ] [2018-04-16 10:22:35] o.s.boot.autoconfigure.orm.jpa.JpaBaseConfiguration$JpaWebConfiguration$JpaWebMvcConfiguration [235] - spring.jpa.open-in-view is enabled by default. Therefore, database queries may be performed during view rendering. Explicitly configure spring.jpa.open-in-view to disable this warning
[WARN ] [2018-04-16 10:22:39] org.hibernate.engine.jdbc.spi.SqlExceptionHelper [129] - SQL Error: 1054, SQLState: 42S22
[WARN ] [2018-04-16 10:22:40] com.tiza.gw.netty.handler.codec.DtuDecoder [110] - 设备[355784012783916]不存在!
[WARN ] [2018-04-16 10:22:41] org.hibernate.engine.jdbc.spi.SqlExceptionHelper [129] - SQL Error: 1054, SQLState: 42S22
[WARN ] [2018-04-16 10:22:42] com.tiza.gw.support.task.AutoSenderTask [67] - 下行指令尚未响应，取消终端[355784012783916]本次指令[2]下发...
[WARN ] [2018-04-16 10:26:57] o.s.boot.autoconfigure.orm.jpa.JpaBaseConfiguration$JpaWebConfiguration$JpaWebMvcConfiguration [235] - spring.jpa.open-in-view is enabled by default. Therefore, database queries may be performed during view rendering. Explicitly configure spring.jpa.open-in-view to disable this warning
[WARN ] [2018-04-16 10:27:00] org.hibernate.engine.jdbc.spi.SqlExceptionHelper [129] - SQL Error: 1054, SQLState: 42S22
[WARN ] [2018-04-16 10:27:02] org.hibernate.engine.jdbc.spi.SqlExceptionHelper [129] - SQL Error: 1054, SQLState: 42S22
[WARN ] [2018-04-16 10:27:59] o.s.boot.autoconfigure.orm.jpa.JpaBaseConfiguration$JpaWebConfiguration$JpaWebMvcConfiguration [235] - spring.jpa.open-in-view is enabled by default. Therefore, database queries may be performed during view rendering. Explicitly configure spring.jpa.open-in-view to disable this warning
[WARN ] [2018-04-16 10:32:34] o.s.boot.autoconfigure.orm.jpa.JpaBaseConfiguration$JpaWebConfiguration$JpaWebMvcConfiguration [235] - spring.jpa.open-in-view is enabled by default. Therefore, database queries may be performed during view rendering. Explicitly configure spring.jpa.open-in-view to disable this warning
[WARN ] [2018-04-16 10:32:52] com.tiza.gw.support.task.AutoSenderTask [67] - 下行指令尚未响应，取消终端[355784012783916]本次指令[1]下发...
[WARN ] [2018-04-16 10:41:03] o.s.boot.autoconfigure.orm.jpa.JpaBaseConfiguration$JpaWebConfiguration$JpaWebMvcConfiguration [235] - spring.jpa.open-in-view is enabled by default. Therefore, database queries may be performed during view rendering. Explicitly configure spring.jpa.open-in-view to disable this warning
[WARN ] [2018-04-16 10:43:28] o.s.boot.autoconfigure.orm.jpa.JpaBaseConfiguration$JpaWebConfiguration$JpaWebMvcConfiguration [235] - spring.jpa.open-in-view is enabled by default. Therefore, database queries may be performed during view rendering. Explicitly configure spring.jpa.open-in-view to disable this warning
[WARN ] [2018-04-16 12:58:33] o.s.boot.autoconfigure.orm.jpa.JpaBaseConfiguration$JpaWebConfiguration$JpaWebMvcConfiguration [235] - spring.jpa.open-in-view is enabled by default. Therefore, database queries may be performed during view rendering. Explicitly configure spring.jpa.open-in-view to disable this warning
[WARN ] [2018-04-16 12:59:29] o.s.boot.autoconfigure.orm.jpa.JpaBaseConfiguration$JpaWebConfiguration$JpaWebMvcConfiguration [235] - spring.jpa.open-in-view is enabled by default. Therefore, database queries may be performed during view rendering. Explicitly configure spring.jpa.open-in-view to disable this warning
[WARN ] [2018-04-16 13:00:16] com.tiza.gw.support.task.AutoSenderTask [67] - 下行指令尚未响应，取消终端[355784012783916]本次指令[1]下发...
[WARN ] [2018-04-16 13:05:26] com.tiza.gw.support.task.AutoSenderTask [67] - 下行指令尚未响应，取消终端[355784012783916]本次指令[2]下发...
[WARN ] [2018-04-16 13:05:26] com.tiza.gw.support.task.AutoSenderTask [67] - 下行指令尚未响应，取消终端[355784012783916]本次指令[3]下发...
[WARN ] [2018-04-16 13:05:26] com.tiza.gw.support.task.AutoSenderTask [67] - 下行指令尚未响应，取消终端[355784012783916]本次指令[2]下发...
[WARN ] [2018-04-16 13:05:26] com.tiza.gw.support.task.AutoSenderTask [67] - 下行指令尚未响应，取消终端[355784012783916]本次指令[3]下发...
[WARN ] [2018-04-16 13:05:26] com.tiza.gw.support.task.AutoSenderTask [67] - 下行指令尚未响应，取消终端[355784012783916]本次指令[1]下发...
[WARN ] [2018-04-16 13:05:26] com.tiza.gw.support.task.AutoSenderTask [67] - 下行指令尚未响应，取消终端[355784012783916]本次指令[3]下发...
[WARN ] [2018-04-16 13:05:26] com.tiza.gw.support.task.AutoSenderTask [67] - 下行指令尚未响应，取消终端[355784012783916]本次指令[1]下发...
[WARN ] [2018-04-16 13:05:26] com.tiza.gw.support.task.AutoSenderTask [67] - 下行指令尚未响应，取消终端[355784012783916]本次指令[2]下发...
[WARN ] [2018-04-16 13:05:26] com.tiza.gw.support.task.AutoSenderTask [67] - 下行指令尚未响应，取消终端[355784012783916]本次指令[1]下发...
[WARN ] [2018-04-16 13:05:26] com.tiza.gw.support.task.AutoSenderTask [67] - 下行指令尚未响应，取消终端[355784012783916]本次指令[2]下发...
[WARN ] [2018-04-16 13:05:26] com.tiza.gw.support.task.AutoSenderTask [67] - 下行指令尚未响应，取消终端[355784012783916]本次指令[3]下发...
[WARN ] [2018-04-16 13:05:26] com.tiza.gw.support.task.AutoSenderTask [67] - 下行指令尚未响应，取消终端[355784012783916]本次指令[2]下发...
[WARN ] [2018-04-16 13:05:26] com.tiza.gw.support.task.AutoSenderTask [67] - 下行指令尚未响应，取消终端[355784012783916]本次指令[3]下发...
[WARN ] [2018-04-16 13:05:26] com.tiza.gw.support.task.AutoSenderTask [67] - 下行指令尚未响应，取消终端[355784012783916]本次指令[1]下发...
[WARN ] [2018-04-16 13:05:26] com.tiza.gw.support.task.AutoSenderTask [67] - 下行指令尚未响应，取消终端[355784012783916]本次指令[3]下发...
[WARN ] [2018-04-16 13:05:26] com.tiza.gw.support.task.AutoSenderTask [67] - 下行指令尚未响应，取消终端[355784012783916]本次指令[1]下发...
[WARN ] [2018-04-16 13:05:26] com.tiza.gw.support.task.AutoSenderTask [67] - 下行指令尚未响应，取消终端[355784012783916]本次指令[2]下发...
[WARN ] [2018-04-16 13:05:26] com.tiza.gw.support.task.AutoSenderTask [67] - 下行指令尚未响应，取消终端[355784012783916]本次指令[1]下发...
[WARN ] [2018-04-16 13:05:26] com.tiza.gw.support.task.AutoSenderTask [67] - 下行指令尚未响应，取消终端[355784012783916]本次指令[2]下发...
[WARN ] [2018-04-16 13:05:26] com.tiza.gw.support.task.AutoSenderTask [67] - 下行指令尚未响应，取消终端[355784012783916]本次指令[3]下发...
[WARN ] [2018-04-16 13:06:16] com.tiza.gw.support.task.AutoSenderTask [67] - 下行指令尚未响应，取消终端[355784012783916]本次指令[2]下发...
[WARN ] [2018-04-16 13:06:16] com.tiza.gw.support.task.AutoSenderTask [67] - 下行指令尚未响应，取消终端[355784012783916]本次指令[3]下发...
[WARN ] [2018-04-16 13:06:16] com.tiza.gw.support.task.AutoSenderTask [67] - 下行指令尚未响应，取消终端[355784012783916]本次指令[1]下发...
[WARN ] [2018-04-16 13:06:16] com.tiza.gw.support.task.AutoSenderTask [67] - 下行指令尚未响应，取消终端[355784012783916]本次指令[3]下发...
[WARN ] [2018-04-16 13:06:16] com.tiza.gw.support.task.AutoSenderTask [67] - 下行指令尚未响应，取消终端[355784012783916]本次指令[1]下发...
[WARN ] [2018-04-16 13:06:16] com.tiza.gw.support.task.AutoSenderTask [67] - 下行指令尚未响应，取消终端[355784012783916]本次指令[2]下发...
[WARN ] [2018-04-16 13:06:16] com.tiza.gw.support.task.AutoSenderTask [67] - 下行指令尚未响应，取消终端[355784012783916]本次指令[1]下发...
[WARN ] [2018-04-16 13:07:55] o.s.boot.autoconfigure.orm.jpa.JpaBaseConfiguration$JpaWebConfiguration$JpaWebMvcConfiguration [235] - spring.jpa.open-in-view is enabled by default. Therefore, database queries may be performed during view rendering. Explicitly configure spring.jpa.open-in-view to disable this warning
[WARN ] [2018-04-16 13:08:00] com.tiza.gw.protocol.DtuDataProcess [71] - 未配置的功能集[1]
[WARN ] [2018-04-16 13:09:30] com.tiza.gw.support.task.AutoSenderTask [67] - 下行指令尚未响应，取消终端[355784012783916]本次指令[1]下发...
[WARN ] [2018-04-16 13:09:30] com.tiza.gw.support.task.AutoSenderTask [67] - 下行指令尚未响应，取消终端[355784012783916]本次指令[2]下发...
[WARN ] [2018-04-16 13:09:30] com.tiza.gw.support.task.AutoSenderTask [67] - 下行指令尚未响应，取消终端[355784012783916]本次指令[3]下发...
